<?xml version="1.0" encoding="UTF-8"?>
<!-- Generated by org.testng.reporters.JUnitXMLReporter -->
<testsuite hostname="NACTS-081729" name="Default test" tests="11" failures="0" timestamp="7 Mar 2017 18:51:46 GMT" time="0.093" errors="0">
  <testcase name="@BeforeMethod setUp" time="0.0" classname="automationFramework.TestCases.UpdateContactTest">
    <failure type="org.testng.TestNGException" message="
Parameter &amp;apos;browser&amp;apos; is required by @Configuration on method setUp but has not been marked @Optional or defined
in C:\Users\200123\AppData\Local\Temp\testng-eclipse--1585788564\testng-customsuite.xml">
      <![CDATA[org.testng.TestNGException: 
Parameter 'browser' is required by @Configuration on method setUp but has not been marked @Optional or defined
in C:\Users\200123\AppData\Local\Temp\testng-eclipse--1585788564\testng-customsuite.xml
	at org.testng.internal.Parameters.createParameters(Parameters.java:155)
	at org.testng.internal.Parameters.createParameters(Parameters.java:355)
	at org.testng.internal.Parameters.createConfigurationParameters(Parameters.java:86)
	at org.testng.internal.Invoker.invokeConfigurations(Invoker.java:199)
	at org.testng.internal.Invoker.invokeMethod(Invoker.java:653)
	at org.testng.internal.Invoker.invokeTestMethod(Invoker.java:901)
	at org.testng.internal.Invoker.invokeTestMethods(Invoker.java:1231)
	at org.testng.internal.TestMethodWorker.invokeTestMethods(TestMethodWorker.java:127)
	at org.testng.internal.TestMethodWorker.run(TestMethodWorker.java:111)
	at org.testng.TestRunner.privateRun(TestRunner.java:767)
	at org.testng.TestRunner.run(TestRunner.java:617)
	at org.testng.SuiteRunner.runTest(SuiteRunner.java:334)
	at org.testng.SuiteRunner.runSequentially(SuiteRunner.java:329)
	at org.testng.SuiteRunner.privateRun(SuiteRunner.java:291)
	at org.testng.SuiteRunner.run(SuiteRunner.java:240)
	at org.testng.SuiteRunnerWorker.runSuite(SuiteRunnerWorker.java:52)
	at org.testng.SuiteRunnerWorker.run(SuiteRunnerWorker.java:86)
	at org.testng.TestNG.runSuitesSequentially(TestNG.java:1198)
	at org.testng.TestNG.runSuitesLocally(TestNG.java:1123)
	at org.testng.TestNG.run(TestNG.java:1031)
	at org.testng.remote.AbstractRemoteTestNG.run(AbstractRemoteTestNG.java:126)
	at org.testng.remote.RemoteTestNG.initAndRun(RemoteTestNG.java:137)
	at org.testng.remote.RemoteTestNG.main(RemoteTestNG.java:58)
]]>
    </failure>
  </testcase> <!-- @BeforeMethod setUp -->
  <testcase name="@AfterMethod tearDown" time="0.0" classname="automationFramework.TestCases.UpdateContactTest">
    <skipped/>
  </testcase> <!-- @AfterMethod tearDown -->
  <testcase name="@BeforeMethod setUp" time="0.0" classname="automationFramework.TestCases.UpdateContactTest">
    <skipped/>
  </testcase> <!-- @BeforeMethod setUp -->
  <testcase name="@AfterMethod tearDown" time="0.0" classname="automationFramework.TestCases.UpdateContactTest">
    <skipped/>
  </testcase> <!-- @AfterMethod tearDown -->
  <testcase name="@BeforeMethod setUp" time="0.0" classname="automationFramework.TestCases.UpdateContactTest">
    <skipped/>
  </testcase> <!-- @BeforeMethod setUp -->
  <testcase name="@AfterMethod tearDown" time="0.0" classname="automationFramework.TestCases.UpdateContactTest">
    <skipped/>
  </testcase> <!-- @AfterMethod tearDown -->
  <testcase name="@BeforeMethod setUp" time="0.0" classname="automationFramework.TestCases.UpdateContactTest">
    <skipped/>
  </testcase> <!-- @BeforeMethod setUp -->
  <testcase name="@AfterMethod tearDown" time="0.0" classname="automationFramework.TestCases.UpdateContactTest">
    <skipped/>
  </testcase> <!-- @AfterMethod tearDown -->
  <testcase name="@BeforeMethod setUp" time="0.0" classname="automationFramework.TestCases.UpdateContactTest">
    <skipped/>
  </testcase> <!-- @BeforeMethod setUp -->
  <testcase name="@AfterMethod tearDown" time="0.0" classname="automationFramework.TestCases.UpdateContactTest">
    <skipped/>
  </testcase> <!-- @AfterMethod tearDown -->
  <testcase name="@BeforeMethod setUp" time="0.0" classname="automationFramework.TestCases.UpdateContactTest">
    <skipped/>
  </testcase> <!-- @BeforeMethod setUp -->
  <testcase name="@AfterMethod tearDown" time="0.0" classname="automationFramework.TestCases.UpdateContactTest">
    <skipped/>
  </testcase> <!-- @AfterMethod tearDown -->
  <testcase name="@BeforeMethod setUp" time="0.0" classname="automationFramework.TestCases.UpdateContactTest">
    <skipped/>
  </testcase> <!-- @BeforeMethod setUp -->
  <testcase name="@AfterMethod tearDown" time="0.0" classname="automationFramework.TestCases.UpdateContactTest">
    <skipped/>
  </testcase> <!-- @AfterMethod tearDown -->
  <testcase name="@BeforeMethod setUp" time="0.0" classname="automationFramework.TestCases.UpdateContactTest">
    <skipped/>
  </testcase> <!-- @BeforeMethod setUp -->
  <testcase name="@AfterMethod tearDown" time="0.0" classname="automationFramework.TestCases.UpdateContactTest">
    <skipped/>
  </testcase> <!-- @AfterMethod tearDown -->
  <testcase name="@BeforeMethod setUp" time="0.0" classname="automationFramework.TestCases.UpdateContactTest">
    <skipped/>
  </testcase> <!-- @BeforeMethod setUp -->
  <testcase name="@AfterMethod tearDown" time="0.0" classname="automationFramework.TestCases.UpdateContactTest">
    <skipped/>
  </testcase> <!-- @AfterMethod tearDown -->
  <testcase name="@BeforeMethod setUp" time="0.0" classname="automationFramework.TestCases.UpdateContactTest">
    <skipped/>
  </testcase> <!-- @BeforeMethod setUp -->
  <testcase name="@AfterMethod tearDown" time="0.0" classname="automationFramework.TestCases.UpdateContactTest">
    <skipped/>
  </testcase> <!-- @AfterMethod tearDown -->
  <testcase name="@BeforeMethod setUp" time="0.0" classname="automationFramework.TestCases.UpdateContactTest">
    <skipped/>
  </testcase> <!-- @BeforeMethod setUp -->
  <testcase name="@AfterMethod tearDown" time="0.0" classname="automationFramework.TestCases.UpdateContactTest">
    <skipped/>
  </testcase> <!-- @AfterMethod tearDown -->
  <testcase name="updateContact" time="0.016" classname="automationFramework.TestCases.UpdateContactTest">
    <skipped/>
  </testcase> <!-- updateContact -->
  <testcase name="updateContactCancel" time="0.0" classname="automationFramework.TestCases.UpdateContactTest">
    <skipped/>
  </testcase> <!-- updateContactCancel -->
  <testcase name="updateContactAndAddress" time="0.0" classname="automationFramework.TestCases.UpdateContactTest">
    <skipped/>
  </testcase> <!-- updateContactAndAddress -->
  <testcase name="updateContactAndAddressCancel" time="0.0" classname="automationFramework.TestCases.UpdateContactTest">
    <skipped/>
  </testcase> <!-- updateContactAndAddressCancel -->
  <testcase name="updateContactCheckRequiredFields" time="0.0" classname="automationFramework.TestCases.UpdateContactTest">
    <skipped/>
  </testcase> <!-- updateContactCheckRequiredFields -->
  <testcase name="updateContactInvalidPhone" time="0.0" classname="automationFramework.TestCases.UpdateContactTest">
    <skipped/>
  </testcase> <!-- updateContactInvalidPhone -->
  <testcase name="updateContactInvalidEmail" time="0.016" classname="automationFramework.TestCases.UpdateContactTest">
    <skipped/>
  </testcase> <!-- updateContactInvalidEmail -->
  <testcase name="updateContactInvalidUserName" time="0.0" classname="automationFramework.TestCases.UpdateContactTest">
    <skipped/>
  </testcase> <!-- updateContactInvalidUserName -->
  <testcase name="updateContactInvalidPin" time="0.0" classname="automationFramework.TestCases.UpdateContactTest">
    <skipped/>
  </testcase> <!-- updateContactInvalidPin -->
  <testcase name="updateContactSecurityAnswermissing" time="0.0" classname="automationFramework.TestCases.UpdateContactTest">
    <skipped/>
  </testcase> <!-- updateContactSecurityAnswermissing -->
  <testcase name="updateContactOtherPhonesMissing" time="0.0" classname="automationFramework.TestCases.UpdateContactTest">
    <skipped/>
  </testcase> <!-- updateContactOtherPhonesMissing -->
</testsuite> <!-- Default test -->
