<html>
<head>
<title>TestNG:  ChromeTest</title>
<link href="../testng.css" rel="stylesheet" type="text/css" />
<link href="../my-testng.css" rel="stylesheet" type="text/css" />

<style type="text/css">
.log { display: none;} 
.stack-trace { display: none;} 
</style>
<script type="text/javascript">
<!--
function flip(e) {
  current = e.style.display;
  if (current == 'block') {
    e.style.display = 'none';
    return 0;
  }
  else {
    e.style.display = 'block';
    return 1;
  }
}

function toggleBox(szDivId, elem, msg1, msg2)
{
  var res = -1;  if (document.getElementById) {
    res = flip(document.getElementById(szDivId));
  }
  else if (document.all) {
    // this is the way old msie versions work
    res = flip(document.all[szDivId]);
  }
  if(elem) {
    if(res == 0) elem.innerHTML = msg1; else elem.innerHTML = msg2;
  }

}

function toggleAllBoxes() {
  if (document.getElementsByTagName) {
    d = document.getElementsByTagName('div');
    for (i = 0; i < d.length; i++) {
      if (d[i].className == 'log') {
        flip(d[i]);
      }
    }
  }
}

// -->
</script>

</head>
<body>
<h2 align='center'>ChromeTest</h2><table border='1' align="center">
<tr>
<td>Tests passed/Failed/Skipped:</td><td>105/27/0</td>
</tr><tr>
<td>Started on:</td><td>Thu Apr 27 09:36:49 PDT 2017</td>
</tr>
<tr><td>Total time:</td><td>7507 seconds (7507286 ms)</td>
</tr><tr>
<td>Included groups:</td><td></td>
</tr><tr>
<td>Excluded groups:</td><td></td>
</tr>
</table><p/>
<small><i>(Hover the method name to see the test class name)</i></small><p/>
<table width='100%' border='1' class='invocation-failed'>
<tr><td colspan='4' align='center'><b>FAILED TESTS</b></td></tr>
<tr><td><b>Test method</b></td>
<td width="30%"><b>Exception</b></td>
<td width="10%"><b>Time (seconds)</b></td>
<td><b>Instance</b></td>
</tr>
<tr>
<td title='automationFramework.TestCases.UpdateAddressTest.addNewAddress()'><b>addNewAddress</b><br>Test class: automationFramework.TestCases.UpdateAddressTest</td>
<td><div><pre>java.lang.AssertionError: expected [4033311371] but found [4033311371,undefined,undefined]
	at automationFramework.TestCases.UpdateAddressTest.addNewAddress(UpdateAddressTest.java:59)
... Removed 29 stack frames</pre></div><a href='#' onClick='toggleBox("stack-trace342923181", this, "Click to show all stack frames", "Click to hide stack frames")'>Click to show all stack frames</a>
<div class='stack-trace' id='stack-trace342923181'><pre>java.lang.AssertionError: expected [4033311371] but found [4033311371,undefined,undefined]
	at org.testng.Assert.fail(Assert.java:94)
	at org.testng.Assert.failNotEquals(Assert.java:494)
	at org.testng.Assert.assertEquals(Assert.java:123)
	at org.testng.Assert.assertEquals(Assert.java:176)
	at org.testng.Assert.assertEquals(Assert.java:186)
	at automationFramework.TestCases.UpdateAddressTest.addNewAddress(UpdateAddressTest.java:59)
	at sun.reflect.NativeMethodAccessorImpl.invoke0(Native Method)
	at sun.reflect.NativeMethodAccessorImpl.invoke(Unknown Source)
	at sun.reflect.DelegatingMethodAccessorImpl.invoke(Unknown Source)
	at java.lang.reflect.Method.invoke(Unknown Source)
	at org.testng.internal.MethodInvocationHelper.invokeMethod(MethodInvocationHelper.java:80)
	at org.testng.internal.Invoker.invokeMethod(Invoker.java:714)
	at org.testng.internal.Invoker.invokeTestMethod(Invoker.java:901)
	at org.testng.internal.Invoker.invokeTestMethods(Invoker.java:1231)
	at org.testng.internal.TestMethodWorker.invokeTestMethods(TestMethodWorker.java:127)
	at org.testng.internal.TestMethodWorker.run(TestMethodWorker.java:111)
	at org.testng.TestRunner.privateRun(TestRunner.java:767)
	at org.testng.TestRunner.run(TestRunner.java:617)
	at org.testng.SuiteRunner.runTest(SuiteRunner.java:334)
	at org.testng.SuiteRunner.runSequentially(SuiteRunner.java:329)
	at org.testng.SuiteRunner.privateRun(SuiteRunner.java:291)
	at org.testng.SuiteRunner.run(SuiteRunner.java:240)
	at org.testng.SuiteRunnerWorker.runSuite(SuiteRunnerWorker.java:52)
	at org.testng.SuiteRunnerWorker.run(SuiteRunnerWorker.java:86)
	at org.testng.TestNG.runSuitesSequentially(TestNG.java:1198)
	at org.testng.TestNG.runSuitesLocally(TestNG.java:1123)
	at org.testng.TestNG.run(TestNG.java:1031)
	at org.testng.remote.AbstractRemoteTestNG.run(AbstractRemoteTestNG.java:126)
	at org.testng.remote.RemoteTestNG.initAndRun(RemoteTestNG.java:137)
	at org.testng.remote.RemoteTestNG.main(RemoteTestNG.java:58)
</pre></div></td>
<td>8</td>
<td>automationFramework.TestCases.UpdateAddressTest@7a9273a8</td></tr>
<tr>
<td title='automationFramework.TestCases.UpdateAddressTest.addNewAddressCheckRequiredFields()'><b>addNewAddressCheckRequiredFields</b><br>Test class: automationFramework.TestCases.UpdateAddressTest</td>
<td><div><pre>org.openqa.selenium.NoSuchElementException: no such element: Unable to locate element: {&quot;method&quot;:&quot;xpath&quot;,&quot;selector&quot;:&quot;.//*[@id=&apos;searchCustomer_customerType_sel&apos;]&quot;}
  (Session info: chrome=57.0.2987.133)
  (Driver info: chromedriver=2.28.455520 (cc17746adff54984afff480136733114c6b3704b),platform=Windows NT 6.1.7601 SP1 x86_64) (WARNING: The server did not provide any stacktrace information)
Command duration or timeout: 60.03 seconds
For documentation on this error, please visit: http://seleniumhq.org/exceptions/no_such_element.html
Build info: version: &apos;3.0.1&apos;, revision: &apos;1969d75&apos;, time: &apos;2016-10-18 09:49:13 -0700&apos;
System info: host: &apos;NACTS-081729&apos;, ip: &apos;149.63.89.30&apos;, os.name: &apos;Windows 7&apos;, os.arch: &apos;amd64&apos;, os.version: &apos;6.1&apos;, java.version: &apos;1.8.0_77&apos;
Driver info: org.openqa.selenium.chrome.ChromeDriver
Capabilities [{applicationCacheEnabled=false, rotatable=false, mobileEmulationEnabled=false, networkConnectionEnabled=false, chrome={chromedriverVersion=2.28.455520 (cc17746adff54984afff480136733114c6b3704b), userDataDir=C:\Users\200123\AppData\Local\Temp\scoped_dir36444_12826}, takesHeapSnapshot=true, pageLoadStrategy=normal, databaseEnabled=false, handlesAlerts=true, hasTouchScreen=false, version=57.0.2987.133, platform=XP, browserConnectionEnabled=false, nativeEvents=true, acceptSslCerts=true, locationContextEnabled=true, webStorageEnabled=true, browserName=chrome, takesScreenshot=true, javascriptEnabled=true, cssSelectorsEnabled=true, unexpectedAlertBehaviour=}]
Session ID: 3fc59b82ae3fc92a077d965c4357ea84
*** Element info: {Using=xpath, value=.//*[@id=&apos;searchCustomer_customerType_sel&apos;]}
	at org.openqa.selenium.remote.ErrorHandler.createThrowable(ErrorHandler.java:216)
	at org.openqa.selenium.remote.ErrorHandler.throwIfResponseFailed(ErrorHandler.java:168)
	at org.openqa.selenium.remote.RemoteWebDriver.execute(RemoteWebDriver.java:635)
	at org.openqa.selenium.remote.RemoteWebDriver.findElement(RemoteWebDriver.java:368)
	at org.openqa.selenium.remote.RemoteWebDriver.findElementByXPath(RemoteWebDriver.java:473)
	at org.openqa.selenium.By$ByXPath.findElement(By.java:361)
	at org.openqa.selenium.remote.RemoteWebDriver.findElement(RemoteWebDriver.java:360)
	at automationFramework.PageObjects.SearchPage.clickCustomerType(SearchPage.java:64)
	at automationFramework.TestCases.UpdateAddressTest.createNewCustomer(UpdateAddressTest.java:216)
	at automationFramework.TestCases.UpdateAddressTest.addNewAddressCheckRequiredFields(UpdateAddressTest.java:165)
... Removed 28 stack frames</pre></div><a href='#' onClick='toggleBox("stack-trace1516876751", this, "Click to show all stack frames", "Click to hide stack frames")'>Click to show all stack frames</a>
<div class='stack-trace' id='stack-trace1516876751'><pre>org.openqa.selenium.NoSuchElementException: no such element: Unable to locate element: {&quot;method&quot;:&quot;xpath&quot;,&quot;selector&quot;:&quot;.//*[@id=&apos;searchCustomer_customerType_sel&apos;]&quot;}
  (Session info: chrome=57.0.2987.133)
  (Driver info: chromedriver=2.28.455520 (cc17746adff54984afff480136733114c6b3704b),platform=Windows NT 6.1.7601 SP1 x86_64) (WARNING: The server did not provide any stacktrace information)
Command duration or timeout: 60.03 seconds
For documentation on this error, please visit: http://seleniumhq.org/exceptions/no_such_element.html
Build info: version: &apos;3.0.1&apos;, revision: &apos;1969d75&apos;, time: &apos;2016-10-18 09:49:13 -0700&apos;
System info: host: &apos;NACTS-081729&apos;, ip: &apos;149.63.89.30&apos;, os.name: &apos;Windows 7&apos;, os.arch: &apos;amd64&apos;, os.version: &apos;6.1&apos;, java.version: &apos;1.8.0_77&apos;
Driver info: org.openqa.selenium.chrome.ChromeDriver
Capabilities [{applicationCacheEnabled=false, rotatable=false, mobileEmulationEnabled=false, networkConnectionEnabled=false, chrome={chromedriverVersion=2.28.455520 (cc17746adff54984afff480136733114c6b3704b), userDataDir=C:\Users\200123\AppData\Local\Temp\scoped_dir36444_12826}, takesHeapSnapshot=true, pageLoadStrategy=normal, databaseEnabled=false, handlesAlerts=true, hasTouchScreen=false, version=57.0.2987.133, platform=XP, browserConnectionEnabled=false, nativeEvents=true, acceptSslCerts=true, locationContextEnabled=true, webStorageEnabled=true, browserName=chrome, takesScreenshot=true, javascriptEnabled=true, cssSelectorsEnabled=true, unexpectedAlertBehaviour=}]
Session ID: 3fc59b82ae3fc92a077d965c4357ea84
*** Element info: {Using=xpath, value=.//*[@id=&apos;searchCustomer_customerType_sel&apos;]}
	at sun.reflect.NativeConstructorAccessorImpl.newInstance0(Native Method)
	at sun.reflect.NativeConstructorAccessorImpl.newInstance(Unknown Source)
	at sun.reflect.DelegatingConstructorAccessorImpl.newInstance(Unknown Source)
	at java.lang.reflect.Constructor.newInstance(Unknown Source)
	at org.openqa.selenium.remote.ErrorHandler.createThrowable(ErrorHandler.java:216)
	at org.openqa.selenium.remote.ErrorHandler.throwIfResponseFailed(ErrorHandler.java:168)
	at org.openqa.selenium.remote.RemoteWebDriver.execute(RemoteWebDriver.java:635)
	at org.openqa.selenium.remote.RemoteWebDriver.findElement(RemoteWebDriver.java:368)
	at org.openqa.selenium.remote.RemoteWebDriver.findElementByXPath(RemoteWebDriver.java:473)
	at org.openqa.selenium.By$ByXPath.findElement(By.java:361)
	at org.openqa.selenium.remote.RemoteWebDriver.findElement(RemoteWebDriver.java:360)
	at automationFramework.PageObjects.SearchPage.clickCustomerType(SearchPage.java:64)
	at automationFramework.TestCases.UpdateAddressTest.createNewCustomer(UpdateAddressTest.java:216)
	at automationFramework.TestCases.UpdateAddressTest.addNewAddressCheckRequiredFields(UpdateAddressTest.java:165)
	at sun.reflect.NativeMethodAccessorImpl.invoke0(Native Method)
	at sun.reflect.NativeMethodAccessorImpl.invoke(Unknown Source)
	at sun.reflect.DelegatingMethodAccessorImpl.invoke(Unknown Source)
	at java.lang.reflect.Method.invoke(Unknown Source)
	at org.testng.internal.MethodInvocationHelper.invokeMethod(MethodInvocationHelper.java:80)
	at org.testng.internal.Invoker.invokeMethod(Invoker.java:714)
	at org.testng.internal.Invoker.invokeTestMethod(Invoker.java:901)
	at org.testng.internal.Invoker.invokeTestMethods(Invoker.java:1231)
	at org.testng.internal.TestMethodWorker.invokeTestMethods(TestMethodWorker.java:127)
	at org.testng.internal.TestMethodWorker.run(TestMethodWorker.java:111)
	at org.testng.TestRunner.privateRun(TestRunner.java:767)
	at org.testng.TestRunner.run(TestRunner.java:617)
	at org.testng.SuiteRunner.runTest(SuiteRunner.java:334)
	at org.testng.SuiteRunner.runSequentially(SuiteRunner.java:329)
	at org.testng.SuiteRunner.privateRun(SuiteRunner.java:291)
	at org.testng.SuiteRunner.run(SuiteRunner.java:240)
	at org.testng.SuiteRunnerWorker.runSuite(SuiteRunnerWorker.java:52)
	at org.testng.SuiteRunnerWorker.run(SuiteRunnerWorker.java:86)
	at org.testng.TestNG.runSuitesSequentially(TestNG.java:1198)
	at org.testng.TestNG.runSuitesLocally(TestNG.java:1123)
	at org.testng.TestNG.run(TestNG.java:1031)
	at org.testng.remote.AbstractRemoteTestNG.run(AbstractRemoteTestNG.java:126)
	at org.testng.remote.RemoteTestNG.initAndRun(RemoteTestNG.java:137)
	at org.testng.remote.RemoteTestNG.main(RemoteTestNG.java:58)
</pre></div></td>
<td>67</td>
<td>automationFramework.TestCases.UpdateAddressTest@7a9273a8</td></tr>
<tr>
<td title='automationFramework.TestCases.EmailTest.checkEmailDeleteFunding()'><b>checkEmailDeleteFunding</b><br>Test class: automationFramework.TestCases.EmailTest</td>
<td><div><pre>java.lang.AssertionError: Customer Funding Source Update Email Test Failed expected [true] but found [false]
	at automationFramework.TestCases.EmailTest.checkEmailDeleteFunding(EmailTest.java:227)
... Removed 27 stack frames</pre></div><a href='#' onClick='toggleBox("stack-trace849359798", this, "Click to show all stack frames", "Click to hide stack frames")'>Click to show all stack frames</a>
<div class='stack-trace' id='stack-trace849359798'><pre>java.lang.AssertionError: Customer Funding Source Update Email Test Failed expected [true] but found [false]
	at org.testng.Assert.fail(Assert.java:94)
	at org.testng.Assert.failNotEquals(Assert.java:494)
	at org.testng.Assert.assertTrue(Assert.java:42)
	at automationFramework.TestCases.EmailTest.checkEmailDeleteFunding(EmailTest.java:227)
	at sun.reflect.NativeMethodAccessorImpl.invoke0(Native Method)
	at sun.reflect.NativeMethodAccessorImpl.invoke(Unknown Source)
	at sun.reflect.DelegatingMethodAccessorImpl.invoke(Unknown Source)
	at java.lang.reflect.Method.invoke(Unknown Source)
	at org.testng.internal.MethodInvocationHelper.invokeMethod(MethodInvocationHelper.java:80)
	at org.testng.internal.Invoker.invokeMethod(Invoker.java:714)
	at org.testng.internal.Invoker.invokeTestMethod(Invoker.java:901)
	at org.testng.internal.Invoker.invokeTestMethods(Invoker.java:1231)
	at org.testng.internal.TestMethodWorker.invokeTestMethods(TestMethodWorker.java:127)
	at org.testng.internal.TestMethodWorker.run(TestMethodWorker.java:111)
	at org.testng.TestRunner.privateRun(TestRunner.java:767)
	at org.testng.TestRunner.run(TestRunner.java:617)
	at org.testng.SuiteRunner.runTest(SuiteRunner.java:334)
	at org.testng.SuiteRunner.runSequentially(SuiteRunner.java:329)
	at org.testng.SuiteRunner.privateRun(SuiteRunner.java:291)
	at org.testng.SuiteRunner.run(SuiteRunner.java:240)
	at org.testng.SuiteRunnerWorker.runSuite(SuiteRunnerWorker.java:52)
	at org.testng.SuiteRunnerWorker.run(SuiteRunnerWorker.java:86)
	at org.testng.TestNG.runSuitesSequentially(TestNG.java:1198)
	at org.testng.TestNG.runSuitesLocally(TestNG.java:1123)
	at org.testng.TestNG.run(TestNG.java:1031)
	at org.testng.remote.AbstractRemoteTestNG.run(AbstractRemoteTestNG.java:126)
	at org.testng.remote.RemoteTestNG.initAndRun(RemoteTestNG.java:137)
	at org.testng.remote.RemoteTestNG.main(RemoteTestNG.java:58)
</pre></div></td>
<td>20</td>
<td>automationFramework.TestCases.EmailTest@7a3d45bd</td></tr>
<tr>
<td title='automationFramework.TestCases.EmailTest.checkEmailResetPassword()'><b>checkEmailResetPassword</b><br>Test class: automationFramework.TestCases.EmailTest</td>
<td><div><pre>java.lang.AssertionError: Password Reset Verification Email Test Failed expected [true] but found [false]
	at automationFramework.TestCases.EmailTest.checkEmailResetPassword(EmailTest.java:198)
... Removed 27 stack frames</pre></div><a href='#' onClick='toggleBox("stack-trace1604326431", this, "Click to show all stack frames", "Click to hide stack frames")'>Click to show all stack frames</a>
<div class='stack-trace' id='stack-trace1604326431'><pre>java.lang.AssertionError: Password Reset Verification Email Test Failed expected [true] but found [false]
	at org.testng.Assert.fail(Assert.java:94)
	at org.testng.Assert.failNotEquals(Assert.java:494)
	at org.testng.Assert.assertTrue(Assert.java:42)
	at automationFramework.TestCases.EmailTest.checkEmailResetPassword(EmailTest.java:198)
	at sun.reflect.NativeMethodAccessorImpl.invoke0(Native Method)
	at sun.reflect.NativeMethodAccessorImpl.invoke(Unknown Source)
	at sun.reflect.DelegatingMethodAccessorImpl.invoke(Unknown Source)
	at java.lang.reflect.Method.invoke(Unknown Source)
	at org.testng.internal.MethodInvocationHelper.invokeMethod(MethodInvocationHelper.java:80)
	at org.testng.internal.Invoker.invokeMethod(Invoker.java:714)
	at org.testng.internal.Invoker.invokeTestMethod(Invoker.java:901)
	at org.testng.internal.Invoker.invokeTestMethods(Invoker.java:1231)
	at org.testng.internal.TestMethodWorker.invokeTestMethods(TestMethodWorker.java:127)
	at org.testng.internal.TestMethodWorker.run(TestMethodWorker.java:111)
	at org.testng.TestRunner.privateRun(TestRunner.java:767)
	at org.testng.TestRunner.run(TestRunner.java:617)
	at org.testng.SuiteRunner.runTest(SuiteRunner.java:334)
	at org.testng.SuiteRunner.runSequentially(SuiteRunner.java:329)
	at org.testng.SuiteRunner.privateRun(SuiteRunner.java:291)
	at org.testng.SuiteRunner.run(SuiteRunner.java:240)
	at org.testng.SuiteRunnerWorker.runSuite(SuiteRunnerWorker.java:52)
	at org.testng.SuiteRunnerWorker.run(SuiteRunnerWorker.java:86)
	at org.testng.TestNG.runSuitesSequentially(TestNG.java:1198)
	at org.testng.TestNG.runSuitesLocally(TestNG.java:1123)
	at org.testng.TestNG.run(TestNG.java:1031)
	at org.testng.remote.AbstractRemoteTestNG.run(AbstractRemoteTestNG.java:126)
	at org.testng.remote.RemoteTestNG.initAndRun(RemoteTestNG.java:137)
	at org.testng.remote.RemoteTestNG.main(RemoteTestNG.java:58)
</pre></div></td>
<td>828</td>
<td>automationFramework.TestCases.EmailTest@7a3d45bd</td></tr>
<tr>
<td title='automationFramework.TestCases.EmailTest.checkEmailUpdateContact()'><b>checkEmailUpdateContact</b><br>Test class: automationFramework.TestCases.EmailTest</td>
<td><div><pre>java.lang.AssertionError: expected [indy] but found [robert]
	at automationFramework.TestCases.CoreTest.updateContact(CoreTest.java:104)
	at automationFramework.TestCases.EmailTest.checkEmailUpdateContact(EmailTest.java:167)
... Removed 29 stack frames</pre></div><a href='#' onClick='toggleBox("stack-trace1791922588", this, "Click to show all stack frames", "Click to hide stack frames")'>Click to show all stack frames</a>
<div class='stack-trace' id='stack-trace1791922588'><pre>java.lang.AssertionError: expected [indy] but found [robert]
	at org.testng.Assert.fail(Assert.java:94)
	at org.testng.Assert.failNotEquals(Assert.java:494)
	at org.testng.Assert.assertEquals(Assert.java:123)
	at org.testng.Assert.assertEquals(Assert.java:176)
	at org.testng.Assert.assertEquals(Assert.java:186)
	at automationFramework.TestCases.CoreTest.updateContact(CoreTest.java:104)
	at automationFramework.TestCases.EmailTest.checkEmailUpdateContact(EmailTest.java:167)
	at sun.reflect.NativeMethodAccessorImpl.invoke0(Native Method)
	at sun.reflect.NativeMethodAccessorImpl.invoke(Unknown Source)
	at sun.reflect.DelegatingMethodAccessorImpl.invoke(Unknown Source)
	at java.lang.reflect.Method.invoke(Unknown Source)
	at org.testng.internal.MethodInvocationHelper.invokeMethod(MethodInvocationHelper.java:80)
	at org.testng.internal.Invoker.invokeMethod(Invoker.java:714)
	at org.testng.internal.Invoker.invokeTestMethod(Invoker.java:901)
	at org.testng.internal.Invoker.invokeTestMethods(Invoker.java:1231)
	at org.testng.internal.TestMethodWorker.invokeTestMethods(TestMethodWorker.java:127)
	at org.testng.internal.TestMethodWorker.run(TestMethodWorker.java:111)
	at org.testng.TestRunner.privateRun(TestRunner.java:767)
	at org.testng.TestRunner.run(TestRunner.java:617)
	at org.testng.SuiteRunner.runTest(SuiteRunner.java:334)
	at org.testng.SuiteRunner.runSequentially(SuiteRunner.java:329)
	at org.testng.SuiteRunner.privateRun(SuiteRunner.java:291)
	at org.testng.SuiteRunner.run(SuiteRunner.java:240)
	at org.testng.SuiteRunnerWorker.runSuite(SuiteRunnerWorker.java:52)
	at org.testng.SuiteRunnerWorker.run(SuiteRunnerWorker.java:86)
	at org.testng.TestNG.runSuitesSequentially(TestNG.java:1198)
	at org.testng.TestNG.runSuitesLocally(TestNG.java:1123)
	at org.testng.TestNG.run(TestNG.java:1031)
	at org.testng.remote.AbstractRemoteTestNG.run(AbstractRemoteTestNG.java:126)
	at org.testng.remote.RemoteTestNG.initAndRun(RemoteTestNG.java:137)
	at org.testng.remote.RemoteTestNG.main(RemoteTestNG.java:58)
</pre></div></td>
<td>20</td>
<td>automationFramework.TestCases.EmailTest@7a3d45bd</td></tr>
<tr>
<td title='automationFramework.TestCases.CreateCustomerTest.createNewCustomer()'><b>createNewCustomer</b><br>Test class: automationFramework.TestCases.CreateCustomerTest</td>
<td><div><pre>java.lang.AssertionError: expected [7511171754] but found [7511171754,undefined,undefined]
	at automationFramework.TestCases.CreateCustomerTest.createNewCustomer(CreateCustomerTest.java:62)
... Removed 29 stack frames</pre></div><a href='#' onClick='toggleBox("stack-trace632115057", this, "Click to show all stack frames", "Click to hide stack frames")'>Click to show all stack frames</a>
<div class='stack-trace' id='stack-trace632115057'><pre>java.lang.AssertionError: expected [7511171754] but found [7511171754,undefined,undefined]
	at org.testng.Assert.fail(Assert.java:94)
	at org.testng.Assert.failNotEquals(Assert.java:494)
	at org.testng.Assert.assertEquals(Assert.java:123)
	at org.testng.Assert.assertEquals(Assert.java:176)
	at org.testng.Assert.assertEquals(Assert.java:186)
	at automationFramework.TestCases.CreateCustomerTest.createNewCustomer(CreateCustomerTest.java:62)
	at sun.reflect.NativeMethodAccessorImpl.invoke0(Native Method)
	at sun.reflect.NativeMethodAccessorImpl.invoke(Unknown Source)
	at sun.reflect.DelegatingMethodAccessorImpl.invoke(Unknown Source)
	at java.lang.reflect.Method.invoke(Unknown Source)
	at org.testng.internal.MethodInvocationHelper.invokeMethod(MethodInvocationHelper.java:80)
	at org.testng.internal.Invoker.invokeMethod(Invoker.java:714)
	at org.testng.internal.Invoker.invokeTestMethod(Invoker.java:901)
	at org.testng.internal.Invoker.invokeTestMethods(Invoker.java:1231)
	at org.testng.internal.TestMethodWorker.invokeTestMethods(TestMethodWorker.java:127)
	at org.testng.internal.TestMethodWorker.run(TestMethodWorker.java:111)
	at org.testng.TestRunner.privateRun(TestRunner.java:767)
	at org.testng.TestRunner.run(TestRunner.java:617)
	at org.testng.SuiteRunner.runTest(SuiteRunner.java:334)
	at org.testng.SuiteRunner.runSequentially(SuiteRunner.java:329)
	at org.testng.SuiteRunner.privateRun(SuiteRunner.java:291)
	at org.testng.SuiteRunner.run(SuiteRunner.java:240)
	at org.testng.SuiteRunnerWorker.runSuite(SuiteRunnerWorker.java:52)
	at org.testng.SuiteRunnerWorker.run(SuiteRunnerWorker.java:86)
	at org.testng.TestNG.runSuitesSequentially(TestNG.java:1198)
	at org.testng.TestNG.runSuitesLocally(TestNG.java:1123)
	at org.testng.TestNG.run(TestNG.java:1031)
	at org.testng.remote.AbstractRemoteTestNG.run(AbstractRemoteTestNG.java:126)
	at org.testng.remote.RemoteTestNG.initAndRun(RemoteTestNG.java:137)
	at org.testng.remote.RemoteTestNG.main(RemoteTestNG.java:58)
</pre></div></td>
<td>15</td>
<td>automationFramework.TestCases.CreateCustomerTest@12f41634</td></tr>
<tr>
<td title='automationFramework.TestCases.CreateCustomerAPITest.createNewCustomerApi()'><b>createNewCustomerApi</b><br>Test class: automationFramework.TestCases.CreateCustomerAPITest</td>
<td><div><pre>java.lang.AssertionError: expected [4033311371] but found [4033311371,undefined,undefined]
	at automationFramework.TestCases.CreateCustomerAPITest.createNewCustomerApi(CreateCustomerAPITest.java:73)
... Removed 29 stack frames</pre></div><a href='#' onClick='toggleBox("stack-trace560041895", this, "Click to show all stack frames", "Click to hide stack frames")'>Click to show all stack frames</a>
<div class='stack-trace' id='stack-trace560041895'><pre>java.lang.AssertionError: expected [4033311371] but found [4033311371,undefined,undefined]
	at org.testng.Assert.fail(Assert.java:94)
	at org.testng.Assert.failNotEquals(Assert.java:494)
	at org.testng.Assert.assertEquals(Assert.java:123)
	at org.testng.Assert.assertEquals(Assert.java:176)
	at org.testng.Assert.assertEquals(Assert.java:186)
	at automationFramework.TestCases.CreateCustomerAPITest.createNewCustomerApi(CreateCustomerAPITest.java:73)
	at sun.reflect.NativeMethodAccessorImpl.invoke0(Native Method)
	at sun.reflect.NativeMethodAccessorImpl.invoke(Unknown Source)
	at sun.reflect.DelegatingMethodAccessorImpl.invoke(Unknown Source)
	at java.lang.reflect.Method.invoke(Unknown Source)
	at org.testng.internal.MethodInvocationHelper.invokeMethod(MethodInvocationHelper.java:80)
	at org.testng.internal.Invoker.invokeMethod(Invoker.java:714)
	at org.testng.internal.Invoker.invokeTestMethod(Invoker.java:901)
	at org.testng.internal.Invoker.invokeTestMethods(Invoker.java:1231)
	at org.testng.internal.TestMethodWorker.invokeTestMethods(TestMethodWorker.java:127)
	at org.testng.internal.TestMethodWorker.run(TestMethodWorker.java:111)
	at org.testng.TestRunner.privateRun(TestRunner.java:767)
	at org.testng.TestRunner.run(TestRunner.java:617)
	at org.testng.SuiteRunner.runTest(SuiteRunner.java:334)
	at org.testng.SuiteRunner.runSequentially(SuiteRunner.java:329)
	at org.testng.SuiteRunner.privateRun(SuiteRunner.java:291)
	at org.testng.SuiteRunner.run(SuiteRunner.java:240)
	at org.testng.SuiteRunnerWorker.runSuite(SuiteRunnerWorker.java:52)
	at org.testng.SuiteRunnerWorker.run(SuiteRunnerWorker.java:86)
	at org.testng.TestNG.runSuitesSequentially(TestNG.java:1198)
	at org.testng.TestNG.runSuitesLocally(TestNG.java:1123)
	at org.testng.TestNG.run(TestNG.java:1031)
	at org.testng.remote.AbstractRemoteTestNG.run(AbstractRemoteTestNG.java:126)
	at org.testng.remote.RemoteTestNG.initAndRun(RemoteTestNG.java:137)
	at org.testng.remote.RemoteTestNG.main(RemoteTestNG.java:58)
</pre></div></td>
<td>9</td>
<td>automationFramework.TestCases.CreateCustomerAPITest@1a3869f4</td></tr>
<tr>
<td title='automationFramework.TestCases.CreateCustomerTest.createNewCustomerGmailPlus()'><b>createNewCustomerGmailPlus</b><br>Test class: automationFramework.TestCases.CreateCustomerTest</td>
<td><div><pre>java.lang.AssertionError: expected [7033322717] but found [7033322717,undefined,undefined]
	at automationFramework.TestCases.CreateCustomerTest.createNewCustomerGmailPlus(CreateCustomerTest.java:357)
... Removed 29 stack frames</pre></div><a href='#' onClick='toggleBox("stack-trace547853628", this, "Click to show all stack frames", "Click to hide stack frames")'>Click to show all stack frames</a>
<div class='stack-trace' id='stack-trace547853628'><pre>java.lang.AssertionError: expected [7033322717] but found [7033322717,undefined,undefined]
	at org.testng.Assert.fail(Assert.java:94)
	at org.testng.Assert.failNotEquals(Assert.java:494)
	at org.testng.Assert.assertEquals(Assert.java:123)
	at org.testng.Assert.assertEquals(Assert.java:176)
	at org.testng.Assert.assertEquals(Assert.java:186)
	at automationFramework.TestCases.CreateCustomerTest.createNewCustomerGmailPlus(CreateCustomerTest.java:357)
	at sun.reflect.NativeMethodAccessorImpl.invoke0(Native Method)
	at sun.reflect.NativeMethodAccessorImpl.invoke(Unknown Source)
	at sun.reflect.DelegatingMethodAccessorImpl.invoke(Unknown Source)
	at java.lang.reflect.Method.invoke(Unknown Source)
	at org.testng.internal.MethodInvocationHelper.invokeMethod(MethodInvocationHelper.java:80)
	at org.testng.internal.Invoker.invokeMethod(Invoker.java:714)
	at org.testng.internal.Invoker.invokeTestMethod(Invoker.java:901)
	at org.testng.internal.Invoker.invokeTestMethods(Invoker.java:1231)
	at org.testng.internal.TestMethodWorker.invokeTestMethods(TestMethodWorker.java:127)
	at org.testng.internal.TestMethodWorker.run(TestMethodWorker.java:111)
	at org.testng.TestRunner.privateRun(TestRunner.java:767)
	at org.testng.TestRunner.run(TestRunner.java:617)
	at org.testng.SuiteRunner.runTest(SuiteRunner.java:334)
	at org.testng.SuiteRunner.runSequentially(SuiteRunner.java:329)
	at org.testng.SuiteRunner.privateRun(SuiteRunner.java:291)
	at org.testng.SuiteRunner.run(SuiteRunner.java:240)
	at org.testng.SuiteRunnerWorker.runSuite(SuiteRunnerWorker.java:52)
	at org.testng.SuiteRunnerWorker.run(SuiteRunnerWorker.java:86)
	at org.testng.TestNG.runSuitesSequentially(TestNG.java:1198)
	at org.testng.TestNG.runSuitesLocally(TestNG.java:1123)
	at org.testng.TestNG.run(TestNG.java:1031)
	at org.testng.remote.AbstractRemoteTestNG.run(AbstractRemoteTestNG.java:126)
	at org.testng.remote.RemoteTestNG.initAndRun(RemoteTestNG.java:137)
	at org.testng.remote.RemoteTestNG.main(RemoteTestNG.java:58)
</pre></div></td>
<td>17</td>
<td>automationFramework.TestCases.CreateCustomerTest@12f41634</td></tr>
<tr>
<td title='automationFramework.TestCases.CreateUnregistredCustomerTest.registerNewCustomerInvalidToken()'><b>registerNewCustomerInvalidToken</b><br>Test class: automationFramework.TestCases.CreateUnregistredCustomerTest</td>
<td><div><pre>java.lang.AssertionError: expected [7766141175] but found [7766141175,undefined,undefined]
	at automationFramework.TestCases.CreateUnregistredCustomerTest.verifyNewCustomerCreation(CreateUnregistredCustomerTest.java:185)
	at automationFramework.TestCases.CreateUnregistredCustomerTest.registerNewCustomerInvalidToken(CreateUnregistredCustomerTest.java:130)
... Removed 29 stack frames</pre></div><a href='#' onClick='toggleBox("stack-trace266196910", this, "Click to show all stack frames", "Click to hide stack frames")'>Click to show all stack frames</a>
<div class='stack-trace' id='stack-trace266196910'><pre>java.lang.AssertionError: expected [7766141175] but found [7766141175,undefined,undefined]
	at org.testng.Assert.fail(Assert.java:94)
	at org.testng.Assert.failNotEquals(Assert.java:494)
	at org.testng.Assert.assertEquals(Assert.java:123)
	at org.testng.Assert.assertEquals(Assert.java:176)
	at org.testng.Assert.assertEquals(Assert.java:186)
	at automationFramework.TestCases.CreateUnregistredCustomerTest.verifyNewCustomerCreation(CreateUnregistredCustomerTest.java:185)
	at automationFramework.TestCases.CreateUnregistredCustomerTest.registerNewCustomerInvalidToken(CreateUnregistredCustomerTest.java:130)
	at sun.reflect.NativeMethodAccessorImpl.invoke0(Native Method)
	at sun.reflect.NativeMethodAccessorImpl.invoke(Unknown Source)
	at sun.reflect.DelegatingMethodAccessorImpl.invoke(Unknown Source)
	at java.lang.reflect.Method.invoke(Unknown Source)
	at org.testng.internal.MethodInvocationHelper.invokeMethod(MethodInvocationHelper.java:80)
	at org.testng.internal.Invoker.invokeMethod(Invoker.java:714)
	at org.testng.internal.Invoker.invokeTestMethod(Invoker.java:901)
	at org.testng.internal.Invoker.invokeTestMethods(Invoker.java:1231)
	at org.testng.internal.TestMethodWorker.invokeTestMethods(TestMethodWorker.java:127)
	at org.testng.internal.TestMethodWorker.run(TestMethodWorker.java:111)
	at org.testng.TestRunner.privateRun(TestRunner.java:767)
	at org.testng.TestRunner.run(TestRunner.java:617)
	at org.testng.SuiteRunner.runTest(SuiteRunner.java:334)
	at org.testng.SuiteRunner.runSequentially(SuiteRunner.java:329)
	at org.testng.SuiteRunner.privateRun(SuiteRunner.java:291)
	at org.testng.SuiteRunner.run(SuiteRunner.java:240)
	at org.testng.SuiteRunnerWorker.runSuite(SuiteRunnerWorker.java:52)
	at org.testng.SuiteRunnerWorker.run(SuiteRunnerWorker.java:86)
	at org.testng.TestNG.runSuitesSequentially(TestNG.java:1198)
	at org.testng.TestNG.runSuitesLocally(TestNG.java:1123)
	at org.testng.TestNG.run(TestNG.java:1031)
	at org.testng.remote.AbstractRemoteTestNG.run(AbstractRemoteTestNG.java:126)
	at org.testng.remote.RemoteTestNG.initAndRun(RemoteTestNG.java:137)
	at org.testng.remote.RemoteTestNG.main(RemoteTestNG.java:58)
</pre></div></td>
<td>19</td>
<td>automationFramework.TestCases.CreateUnregistredCustomerTest@44c8afef</td></tr>
<tr>
<td title='automationFramework.TestCases.CreateUnregistredCustomerTest.registerNewCustomerNoRecordFound()'><b>registerNewCustomerNoRecordFound</b><br>Test class: automationFramework.TestCases.CreateUnregistredCustomerTest</td>
<td><div><pre>java.lang.AssertionError: expected [5472646174] but found [5472646174,undefined,undefined]
	at automationFramework.TestCases.CreateUnregistredCustomerTest.verifyNewCustomerCreation(CreateUnregistredCustomerTest.java:185)
	at automationFramework.TestCases.CreateUnregistredCustomerTest.registerNewCustomerNoRecordFound(CreateUnregistredCustomerTest.java:63)
... Removed 29 stack frames</pre></div><a href='#' onClick='toggleBox("stack-trace1684854630", this, "Click to show all stack frames", "Click to hide stack frames")'>Click to show all stack frames</a>
<div class='stack-trace' id='stack-trace1684854630'><pre>java.lang.AssertionError: expected [5472646174] but found [5472646174,undefined,undefined]
	at org.testng.Assert.fail(Assert.java:94)
	at org.testng.Assert.failNotEquals(Assert.java:494)
	at org.testng.Assert.assertEquals(Assert.java:123)
	at org.testng.Assert.assertEquals(Assert.java:176)
	at org.testng.Assert.assertEquals(Assert.java:186)
	at automationFramework.TestCases.CreateUnregistredCustomerTest.verifyNewCustomerCreation(CreateUnregistredCustomerTest.java:185)
	at automationFramework.TestCases.CreateUnregistredCustomerTest.registerNewCustomerNoRecordFound(CreateUnregistredCustomerTest.java:63)
	at sun.reflect.NativeMethodAccessorImpl.invoke0(Native Method)
	at sun.reflect.NativeMethodAccessorImpl.invoke(Unknown Source)
	at sun.reflect.DelegatingMethodAccessorImpl.invoke(Unknown Source)
	at java.lang.reflect.Method.invoke(Unknown Source)
	at org.testng.internal.MethodInvocationHelper.invokeMethod(MethodInvocationHelper.java:80)
	at org.testng.internal.Invoker.invokeMethod(Invoker.java:714)
	at org.testng.internal.Invoker.invokeTestMethod(Invoker.java:901)
	at org.testng.internal.Invoker.invokeTestMethods(Invoker.java:1231)
	at org.testng.internal.TestMethodWorker.invokeTestMethods(TestMethodWorker.java:127)
	at org.testng.internal.TestMethodWorker.run(TestMethodWorker.java:111)
	at org.testng.TestRunner.privateRun(TestRunner.java:767)
	at org.testng.TestRunner.run(TestRunner.java:617)
	at org.testng.SuiteRunner.runTest(SuiteRunner.java:334)
	at org.testng.SuiteRunner.runSequentially(SuiteRunner.java:329)
	at org.testng.SuiteRunner.privateRun(SuiteRunner.java:291)
	at org.testng.SuiteRunner.run(SuiteRunner.java:240)
	at org.testng.SuiteRunnerWorker.runSuite(SuiteRunnerWorker.java:52)
	at org.testng.SuiteRunnerWorker.run(SuiteRunnerWorker.java:86)
	at org.testng.TestNG.runSuitesSequentially(TestNG.java:1198)
	at org.testng.TestNG.runSuitesLocally(TestNG.java:1123)
	at org.testng.TestNG.run(TestNG.java:1031)
	at org.testng.remote.AbstractRemoteTestNG.run(AbstractRemoteTestNG.java:126)
	at org.testng.remote.RemoteTestNG.initAndRun(RemoteTestNG.java:137)
	at org.testng.remote.RemoteTestNG.main(RemoteTestNG.java:58)
</pre></div></td>
<td>49</td>
<td>automationFramework.TestCases.CreateUnregistredCustomerTest@44c8afef</td></tr>
<tr>
<td title='automationFramework.TestCases.CreateUnregistredCustomerTest.registerNewCustomerSubysystemPage()'><b>registerNewCustomerSubysystemPage</b><br>Test class: automationFramework.TestCases.CreateUnregistredCustomerTest</td>
<td><div><pre>org.openqa.selenium.NoSuchElementException: no such element: Unable to locate element: {&quot;method&quot;:&quot;xpath&quot;,&quot;selector&quot;:&quot;//*[@id=&apos;customerContacts_list_tbl&apos;]/div/div[1]/table/tbody/tr/td[1]&quot;}
  (Session info: chrome=57.0.2987.133)
  (Driver info: chromedriver=2.28.455520 (cc17746adff54984afff480136733114c6b3704b),platform=Windows NT 6.1.7601 SP1 x86_64) (WARNING: The server did not provide any stacktrace information)
Command duration or timeout: 60.04 seconds
For documentation on this error, please visit: http://seleniumhq.org/exceptions/no_such_element.html
Build info: version: &apos;3.0.1&apos;, revision: &apos;1969d75&apos;, time: &apos;2016-10-18 09:49:13 -0700&apos;
System info: host: &apos;NACTS-081729&apos;, ip: &apos;149.63.89.30&apos;, os.name: &apos;Windows 7&apos;, os.arch: &apos;amd64&apos;, os.version: &apos;6.1&apos;, java.version: &apos;1.8.0_77&apos;
Driver info: org.openqa.selenium.chrome.ChromeDriver
Capabilities [{applicationCacheEnabled=false, rotatable=false, mobileEmulationEnabled=false, networkConnectionEnabled=false, chrome={chromedriverVersion=2.28.455520 (cc17746adff54984afff480136733114c6b3704b), userDataDir=C:\Users\200123\AppData\Local\Temp\scoped_dir27888_5689}, takesHeapSnapshot=true, pageLoadStrategy=normal, databaseEnabled=false, handlesAlerts=true, hasTouchScreen=false, version=57.0.2987.133, platform=XP, browserConnectionEnabled=false, nativeEvents=true, acceptSslCerts=true, locationContextEnabled=true, webStorageEnabled=true, browserName=chrome, takesScreenshot=true, javascriptEnabled=true, cssSelectorsEnabled=true, unexpectedAlertBehaviour=}]
Session ID: 2fa1f30e6b9e5096f2dfa29a47eb9626
*** Element info: {Using=xpath, value=//*[@id=&apos;customerContacts_list_tbl&apos;]/div/div[1]/table/tbody/tr/td[1]}
	at org.openqa.selenium.remote.ErrorHandler.createThrowable(ErrorHandler.java:216)
	at org.openqa.selenium.remote.ErrorHandler.throwIfResponseFailed(ErrorHandler.java:168)
	at org.openqa.selenium.remote.RemoteWebDriver.execute(RemoteWebDriver.java:635)
	at org.openqa.selenium.remote.RemoteWebDriver.findElement(RemoteWebDriver.java:368)
	at org.openqa.selenium.remote.RemoteWebDriver.findElementByXPath(RemoteWebDriver.java:473)
	at org.openqa.selenium.By$ByXPath.findElement(By.java:361)
	at org.openqa.selenium.remote.RemoteWebDriver.findElement(RemoteWebDriver.java:360)
	at automationFramework.PageObjects.NewCustomerDisplayPage.getFname(NewCustomerDisplayPage.java:35)
	at automationFramework.TestCases.CreateUnregistredCustomerTest.verifyNewCustomerCreation(CreateUnregistredCustomerTest.java:179)
	at automationFramework.TestCases.CreateUnregistredCustomerTest.registerNewCustomerSubysystemPage(CreateUnregistredCustomerTest.java:168)
... Removed 28 stack frames</pre></div><a href='#' onClick='toggleBox("stack-trace1997028929", this, "Click to show all stack frames", "Click to hide stack frames")'>Click to show all stack frames</a>
<div class='stack-trace' id='stack-trace1997028929'><pre>org.openqa.selenium.NoSuchElementException: no such element: Unable to locate element: {&quot;method&quot;:&quot;xpath&quot;,&quot;selector&quot;:&quot;//*[@id=&apos;customerContacts_list_tbl&apos;]/div/div[1]/table/tbody/tr/td[1]&quot;}
  (Session info: chrome=57.0.2987.133)
  (Driver info: chromedriver=2.28.455520 (cc17746adff54984afff480136733114c6b3704b),platform=Windows NT 6.1.7601 SP1 x86_64) (WARNING: The server did not provide any stacktrace information)
Command duration or timeout: 60.04 seconds
For documentation on this error, please visit: http://seleniumhq.org/exceptions/no_such_element.html
Build info: version: &apos;3.0.1&apos;, revision: &apos;1969d75&apos;, time: &apos;2016-10-18 09:49:13 -0700&apos;
System info: host: &apos;NACTS-081729&apos;, ip: &apos;149.63.89.30&apos;, os.name: &apos;Windows 7&apos;, os.arch: &apos;amd64&apos;, os.version: &apos;6.1&apos;, java.version: &apos;1.8.0_77&apos;
Driver info: org.openqa.selenium.chrome.ChromeDriver
Capabilities [{applicationCacheEnabled=false, rotatable=false, mobileEmulationEnabled=false, networkConnectionEnabled=false, chrome={chromedriverVersion=2.28.455520 (cc17746adff54984afff480136733114c6b3704b), userDataDir=C:\Users\200123\AppData\Local\Temp\scoped_dir27888_5689}, takesHeapSnapshot=true, pageLoadStrategy=normal, databaseEnabled=false, handlesAlerts=true, hasTouchScreen=false, version=57.0.2987.133, platform=XP, browserConnectionEnabled=false, nativeEvents=true, acceptSslCerts=true, locationContextEnabled=true, webStorageEnabled=true, browserName=chrome, takesScreenshot=true, javascriptEnabled=true, cssSelectorsEnabled=true, unexpectedAlertBehaviour=}]
Session ID: 2fa1f30e6b9e5096f2dfa29a47eb9626
*** Element info: {Using=xpath, value=//*[@id=&apos;customerContacts_list_tbl&apos;]/div/div[1]/table/tbody/tr/td[1]}
	at sun.reflect.NativeConstructorAccessorImpl.newInstance0(Native Method)
	at sun.reflect.NativeConstructorAccessorImpl.newInstance(Unknown Source)
	at sun.reflect.DelegatingConstructorAccessorImpl.newInstance(Unknown Source)
	at java.lang.reflect.Constructor.newInstance(Unknown Source)
	at org.openqa.selenium.remote.ErrorHandler.createThrowable(ErrorHandler.java:216)
	at org.openqa.selenium.remote.ErrorHandler.throwIfResponseFailed(ErrorHandler.java:168)
	at org.openqa.selenium.remote.RemoteWebDriver.execute(RemoteWebDriver.java:635)
	at org.openqa.selenium.remote.RemoteWebDriver.findElement(RemoteWebDriver.java:368)
	at org.openqa.selenium.remote.RemoteWebDriver.findElementByXPath(RemoteWebDriver.java:473)
	at org.openqa.selenium.By$ByXPath.findElement(By.java:361)
	at org.openqa.selenium.remote.RemoteWebDriver.findElement(RemoteWebDriver.java:360)
	at automationFramework.PageObjects.NewCustomerDisplayPage.getFname(NewCustomerDisplayPage.java:35)
	at automationFramework.TestCases.CreateUnregistredCustomerTest.verifyNewCustomerCreation(CreateUnregistredCustomerTest.java:179)
	at automationFramework.TestCases.CreateUnregistredCustomerTest.registerNewCustomerSubysystemPage(CreateUnregistredCustomerTest.java:168)
	at sun.reflect.NativeMethodAccessorImpl.invoke0(Native Method)
	at sun.reflect.NativeMethodAccessorImpl.invoke(Unknown Source)
	at sun.reflect.DelegatingMethodAccessorImpl.invoke(Unknown Source)
	at java.lang.reflect.Method.invoke(Unknown Source)
	at org.testng.internal.MethodInvocationHelper.invokeMethod(MethodInvocationHelper.java:80)
	at org.testng.internal.Invoker.invokeMethod(Invoker.java:714)
	at org.testng.internal.Invoker.invokeTestMethod(Invoker.java:901)
	at org.testng.internal.Invoker.invokeTestMethods(Invoker.java:1231)
	at org.testng.internal.TestMethodWorker.invokeTestMethods(TestMethodWorker.java:127)
	at org.testng.internal.TestMethodWorker.run(TestMethodWorker.java:111)
	at org.testng.TestRunner.privateRun(TestRunner.java:767)
	at org.testng.TestRunner.run(TestRunner.java:617)
	at org.testng.SuiteRunner.runTest(SuiteRunner.java:334)
	at org.testng.SuiteRunner.runSequentially(SuiteRunner.java:329)
	at org.testng.SuiteRunner.privateRun(SuiteRunner.java:291)
	at org.testng.SuiteRunner.run(SuiteRunner.java:240)
	at org.testng.SuiteRunnerWorker.runSuite(SuiteRunnerWorker.java:52)
	at org.testng.SuiteRunnerWorker.run(SuiteRunnerWorker.java:86)
	at org.testng.TestNG.runSuitesSequentially(TestNG.java:1198)
	at org.testng.TestNG.runSuitesLocally(TestNG.java:1123)
	at org.testng.TestNG.run(TestNG.java:1031)
	at org.testng.remote.AbstractRemoteTestNG.run(AbstractRemoteTestNG.java:126)
	at org.testng.remote.RemoteTestNG.initAndRun(RemoteTestNG.java:137)
	at org.testng.remote.RemoteTestNG.main(RemoteTestNG.java:58)
</pre></div></td>
<td>128</td>
<td>automationFramework.TestCases.CreateUnregistredCustomerTest@44c8afef</td></tr>
<tr>
<td title='automationFramework.TestCases.CreateUnregistredCustomerTest.registerNewCustomerTranistTokenFound()'><b>registerNewCustomerTranistTokenFound</b><br>Test class: automationFramework.TestCases.CreateUnregistredCustomerTest</td>
<td><div><pre>java.lang.AssertionError: expected [6610372263] but found [6610372263,undefined,undefined]
	at automationFramework.TestCases.CreateUnregistredCustomerTest.verifyNewCustomerCreation(CreateUnregistredCustomerTest.java:185)
	at automationFramework.TestCases.CreateUnregistredCustomerTest.registerNewCustomerTranistTokenFound(CreateUnregistredCustomerTest.java:104)
... Removed 29 stack frames</pre></div><a href='#' onClick='toggleBox("stack-trace1727096642", this, "Click to show all stack frames", "Click to hide stack frames")'>Click to show all stack frames</a>
<div class='stack-trace' id='stack-trace1727096642'><pre>java.lang.AssertionError: expected [6610372263] but found [6610372263,undefined,undefined]
	at org.testng.Assert.fail(Assert.java:94)
	at org.testng.Assert.failNotEquals(Assert.java:494)
	at org.testng.Assert.assertEquals(Assert.java:123)
	at org.testng.Assert.assertEquals(Assert.java:176)
	at org.testng.Assert.assertEquals(Assert.java:186)
	at automationFramework.TestCases.CreateUnregistredCustomerTest.verifyNewCustomerCreation(CreateUnregistredCustomerTest.java:185)
	at automationFramework.TestCases.CreateUnregistredCustomerTest.registerNewCustomerTranistTokenFound(CreateUnregistredCustomerTest.java:104)
	at sun.reflect.NativeMethodAccessorImpl.invoke0(Native Method)
	at sun.reflect.NativeMethodAccessorImpl.invoke(Unknown Source)
	at sun.reflect.DelegatingMethodAccessorImpl.invoke(Unknown Source)
	at java.lang.reflect.Method.invoke(Unknown Source)
	at org.testng.internal.MethodInvocationHelper.invokeMethod(MethodInvocationHelper.java:80)
	at org.testng.internal.Invoker.invokeMethod(Invoker.java:714)
	at org.testng.internal.Invoker.invokeTestMethod(Invoker.java:901)
	at org.testng.internal.Invoker.invokeTestMethods(Invoker.java:1231)
	at org.testng.internal.TestMethodWorker.invokeTestMethods(TestMethodWorker.java:127)
	at org.testng.internal.TestMethodWorker.run(TestMethodWorker.java:111)
	at org.testng.TestRunner.privateRun(TestRunner.java:767)
	at org.testng.TestRunner.run(TestRunner.java:617)
	at org.testng.SuiteRunner.runTest(SuiteRunner.java:334)
	at org.testng.SuiteRunner.runSequentially(SuiteRunner.java:329)
	at org.testng.SuiteRunner.privateRun(SuiteRunner.java:291)
	at org.testng.SuiteRunner.run(SuiteRunner.java:240)
	at org.testng.SuiteRunnerWorker.runSuite(SuiteRunnerWorker.java:52)
	at org.testng.SuiteRunnerWorker.run(SuiteRunnerWorker.java:86)
	at org.testng.TestNG.runSuitesSequentially(TestNG.java:1198)
	at org.testng.TestNG.runSuitesLocally(TestNG.java:1123)
	at org.testng.TestNG.run(TestNG.java:1031)
	at org.testng.remote.AbstractRemoteTestNG.run(AbstractRemoteTestNG.java:126)
	at org.testng.remote.RemoteTestNG.initAndRun(RemoteTestNG.java:137)
	at org.testng.remote.RemoteTestNG.main(RemoteTestNG.java:58)
</pre></div></td>
<td>53</td>
<td>automationFramework.TestCases.CreateUnregistredCustomerTest@44c8afef</td></tr>
<tr>
<td title='automationFramework.TestCases.SearchTest2.searchCustomerCheckDuplicateTestAll()'><b>searchCustomerCheckDuplicateTestAll</b><br>Test class: automationFramework.TestCases.SearchTest2</td>
<td><div><pre>java.lang.AssertionError: expected [4166254367] but found [4166254367,undefined,undefined]
	at automationFramework.TestCases.SearchTest2.searchCustomerCheckDuplicateTestAll(SearchTest2.java:122)
... Removed 29 stack frames</pre></div><a href='#' onClick='toggleBox("stack-trace1023755100", this, "Click to show all stack frames", "Click to hide stack frames")'>Click to show all stack frames</a>
<div class='stack-trace' id='stack-trace1023755100'><pre>java.lang.AssertionError: expected [4166254367] but found [4166254367,undefined,undefined]
	at org.testng.Assert.fail(Assert.java:94)
	at org.testng.Assert.failNotEquals(Assert.java:494)
	at org.testng.Assert.assertEquals(Assert.java:123)
	at org.testng.Assert.assertEquals(Assert.java:176)
	at org.testng.Assert.assertEquals(Assert.java:186)
	at automationFramework.TestCases.SearchTest2.searchCustomerCheckDuplicateTestAll(SearchTest2.java:122)
	at sun.reflect.NativeMethodAccessorImpl.invoke0(Native Method)
	at sun.reflect.NativeMethodAccessorImpl.invoke(Unknown Source)
	at sun.reflect.DelegatingMethodAccessorImpl.invoke(Unknown Source)
	at java.lang.reflect.Method.invoke(Unknown Source)
	at org.testng.internal.MethodInvocationHelper.invokeMethod(MethodInvocationHelper.java:80)
	at org.testng.internal.Invoker.invokeMethod(Invoker.java:714)
	at org.testng.internal.Invoker.invokeTestMethod(Invoker.java:901)
	at org.testng.internal.Invoker.invokeTestMethods(Invoker.java:1231)
	at org.testng.internal.TestMethodWorker.invokeTestMethods(TestMethodWorker.java:127)
	at org.testng.internal.TestMethodWorker.run(TestMethodWorker.java:111)
	at org.testng.TestRunner.privateRun(TestRunner.java:767)
	at org.testng.TestRunner.run(TestRunner.java:617)
	at org.testng.SuiteRunner.runTest(SuiteRunner.java:334)
	at org.testng.SuiteRunner.runSequentially(SuiteRunner.java:329)
	at org.testng.SuiteRunner.privateRun(SuiteRunner.java:291)
	at org.testng.SuiteRunner.run(SuiteRunner.java:240)
	at org.testng.SuiteRunnerWorker.runSuite(SuiteRunnerWorker.java:52)
	at org.testng.SuiteRunnerWorker.run(SuiteRunnerWorker.java:86)
	at org.testng.TestNG.runSuitesSequentially(TestNG.java:1198)
	at org.testng.TestNG.runSuitesLocally(TestNG.java:1123)
	at org.testng.TestNG.run(TestNG.java:1031)
	at org.testng.remote.AbstractRemoteTestNG.run(AbstractRemoteTestNG.java:126)
	at org.testng.remote.RemoteTestNG.initAndRun(RemoteTestNG.java:137)
	at org.testng.remote.RemoteTestNG.main(RemoteTestNG.java:58)
</pre></div></td>
<td>7</td>
<td>automationFramework.TestCases.SearchTest2@262b2c86</td></tr>
<tr>
<td title='automationFramework.TestCases.SearchTest2.searchCustomerCheckDuplicateTestEmailPhone()'><b>searchCustomerCheckDuplicateTestEmailPhone</b><br>Test class: automationFramework.TestCases.SearchTest2</td>
<td><div><pre>java.lang.AssertionError: expected [4166254367] but found [4166254367,undefined,undefined]
	at automationFramework.TestCases.SearchTest2.searchCustomerCheckDuplicateTestEmailPhone(SearchTest2.java:103)
... Removed 29 stack frames</pre></div><a href='#' onClick='toggleBox("stack-trace1984032002", this, "Click to show all stack frames", "Click to hide stack frames")'>Click to show all stack frames</a>
<div class='stack-trace' id='stack-trace1984032002'><pre>java.lang.AssertionError: expected [4166254367] but found [4166254367,undefined,undefined]
	at org.testng.Assert.fail(Assert.java:94)
	at org.testng.Assert.failNotEquals(Assert.java:494)
	at org.testng.Assert.assertEquals(Assert.java:123)
	at org.testng.Assert.assertEquals(Assert.java:176)
	at org.testng.Assert.assertEquals(Assert.java:186)
	at automationFramework.TestCases.SearchTest2.searchCustomerCheckDuplicateTestEmailPhone(SearchTest2.java:103)
	at sun.reflect.NativeMethodAccessorImpl.invoke0(Native Method)
	at sun.reflect.NativeMethodAccessorImpl.invoke(Unknown Source)
	at sun.reflect.DelegatingMethodAccessorImpl.invoke(Unknown Source)
	at java.lang.reflect.Method.invoke(Unknown Source)
	at org.testng.internal.MethodInvocationHelper.invokeMethod(MethodInvocationHelper.java:80)
	at org.testng.internal.Invoker.invokeMethod(Invoker.java:714)
	at org.testng.internal.Invoker.invokeTestMethod(Invoker.java:901)
	at org.testng.internal.Invoker.invokeTestMethods(Invoker.java:1231)
	at org.testng.internal.TestMethodWorker.invokeTestMethods(TestMethodWorker.java:127)
	at org.testng.internal.TestMethodWorker.run(TestMethodWorker.java:111)
	at org.testng.TestRunner.privateRun(TestRunner.java:767)
	at org.testng.TestRunner.run(TestRunner.java:617)
	at org.testng.SuiteRunner.runTest(SuiteRunner.java:334)
	at org.testng.SuiteRunner.runSequentially(SuiteRunner.java:329)
	at org.testng.SuiteRunner.privateRun(SuiteRunner.java:291)
	at org.testng.SuiteRunner.run(SuiteRunner.java:240)
	at org.testng.SuiteRunnerWorker.runSuite(SuiteRunnerWorker.java:52)
	at org.testng.SuiteRunnerWorker.run(SuiteRunnerWorker.java:86)
	at org.testng.TestNG.runSuitesSequentially(TestNG.java:1198)
	at org.testng.TestNG.runSuitesLocally(TestNG.java:1123)
	at org.testng.TestNG.run(TestNG.java:1031)
	at org.testng.remote.AbstractRemoteTestNG.run(AbstractRemoteTestNG.java:126)
	at org.testng.remote.RemoteTestNG.initAndRun(RemoteTestNG.java:137)
	at org.testng.remote.RemoteTestNG.main(RemoteTestNG.java:58)
</pre></div></td>
<td>8</td>
<td>automationFramework.TestCases.SearchTest2@262b2c86</td></tr>
<tr>
<td title='automationFramework.TestCases.SearchTest.searchCustomerCheckDuplicateTestFname()'><b>searchCustomerCheckDuplicateTestFname</b><br>Test class: automationFramework.TestCases.SearchTest</td>
<td><div><pre>java.lang.AssertionError: expected [robert] but found [Robert]
	at automationFramework.TestCases.SearchTest.searchCustomerCheckDuplicateTestFname(SearchTest.java:176)
... Removed 29 stack frames</pre></div><a href='#' onClick='toggleBox("stack-trace1575171535", this, "Click to show all stack frames", "Click to hide stack frames")'>Click to show all stack frames</a>
<div class='stack-trace' id='stack-trace1575171535'><pre>java.lang.AssertionError: expected [robert] but found [Robert]
	at org.testng.Assert.fail(Assert.java:94)
	at org.testng.Assert.failNotEquals(Assert.java:494)
	at org.testng.Assert.assertEquals(Assert.java:123)
	at org.testng.Assert.assertEquals(Assert.java:176)
	at org.testng.Assert.assertEquals(Assert.java:186)
	at automationFramework.TestCases.SearchTest.searchCustomerCheckDuplicateTestFname(SearchTest.java:176)
	at sun.reflect.NativeMethodAccessorImpl.invoke0(Native Method)
	at sun.reflect.NativeMethodAccessorImpl.invoke(Unknown Source)
	at sun.reflect.DelegatingMethodAccessorImpl.invoke(Unknown Source)
	at java.lang.reflect.Method.invoke(Unknown Source)
	at org.testng.internal.MethodInvocationHelper.invokeMethod(MethodInvocationHelper.java:80)
	at org.testng.internal.Invoker.invokeMethod(Invoker.java:714)
	at org.testng.internal.Invoker.invokeTestMethod(Invoker.java:901)
	at org.testng.internal.Invoker.invokeTestMethods(Invoker.java:1231)
	at org.testng.internal.TestMethodWorker.invokeTestMethods(TestMethodWorker.java:127)
	at org.testng.internal.TestMethodWorker.run(TestMethodWorker.java:111)
	at org.testng.TestRunner.privateRun(TestRunner.java:767)
	at org.testng.TestRunner.run(TestRunner.java:617)
	at org.testng.SuiteRunner.runTest(SuiteRunner.java:334)
	at org.testng.SuiteRunner.runSequentially(SuiteRunner.java:329)
	at org.testng.SuiteRunner.privateRun(SuiteRunner.java:291)
	at org.testng.SuiteRunner.run(SuiteRunner.java:240)
	at org.testng.SuiteRunnerWorker.runSuite(SuiteRunnerWorker.java:52)
	at org.testng.SuiteRunnerWorker.run(SuiteRunnerWorker.java:86)
	at org.testng.TestNG.runSuitesSequentially(TestNG.java:1198)
	at org.testng.TestNG.runSuitesLocally(TestNG.java:1123)
	at org.testng.TestNG.run(TestNG.java:1031)
	at org.testng.remote.AbstractRemoteTestNG.run(AbstractRemoteTestNG.java:126)
	at org.testng.remote.RemoteTestNG.initAndRun(RemoteTestNG.java:137)
	at org.testng.remote.RemoteTestNG.main(RemoteTestNG.java:58)
</pre></div></td>
<td>7</td>
<td>automationFramework.TestCases.SearchTest@7b69c6ba</td></tr>
<tr>
<td title='automationFramework.TestCases.SearchTest2.searchCustomerCheckDuplicateTestPhone()'><b>searchCustomerCheckDuplicateTestPhone</b><br>Test class: automationFramework.TestCases.SearchTest2</td>
<td><div><pre>java.lang.AssertionError: expected [4166254367] but found [4166254367,undefined,undefined]
	at automationFramework.TestCases.SearchTest2.searchCustomerCheckDuplicateTestPhone(SearchTest2.java:76)
... Removed 29 stack frames</pre></div><a href='#' onClick='toggleBox("stack-trace935558503", this, "Click to show all stack frames", "Click to hide stack frames")'>Click to show all stack frames</a>
<div class='stack-trace' id='stack-trace935558503'><pre>java.lang.AssertionError: expected [4166254367] but found [4166254367,undefined,undefined]
	at org.testng.Assert.fail(Assert.java:94)
	at org.testng.Assert.failNotEquals(Assert.java:494)
	at org.testng.Assert.assertEquals(Assert.java:123)
	at org.testng.Assert.assertEquals(Assert.java:176)
	at org.testng.Assert.assertEquals(Assert.java:186)
	at automationFramework.TestCases.SearchTest2.searchCustomerCheckDuplicateTestPhone(SearchTest2.java:76)
	at sun.reflect.NativeMethodAccessorImpl.invoke0(Native Method)
	at sun.reflect.NativeMethodAccessorImpl.invoke(Unknown Source)
	at sun.reflect.DelegatingMethodAccessorImpl.invoke(Unknown Source)
	at java.lang.reflect.Method.invoke(Unknown Source)
	at org.testng.internal.MethodInvocationHelper.invokeMethod(MethodInvocationHelper.java:80)
	at org.testng.internal.Invoker.invokeMethod(Invoker.java:714)
	at org.testng.internal.Invoker.invokeTestMethod(Invoker.java:901)
	at org.testng.internal.Invoker.invokeTestMethods(Invoker.java:1231)
	at org.testng.internal.TestMethodWorker.invokeTestMethods(TestMethodWorker.java:127)
	at org.testng.internal.TestMethodWorker.run(TestMethodWorker.java:111)
	at org.testng.TestRunner.privateRun(TestRunner.java:767)
	at org.testng.TestRunner.run(TestRunner.java:617)
	at org.testng.SuiteRunner.runTest(SuiteRunner.java:334)
	at org.testng.SuiteRunner.runSequentially(SuiteRunner.java:329)
	at org.testng.SuiteRunner.privateRun(SuiteRunner.java:291)
	at org.testng.SuiteRunner.run(SuiteRunner.java:240)
	at org.testng.SuiteRunnerWorker.runSuite(SuiteRunnerWorker.java:52)
	at org.testng.SuiteRunnerWorker.run(SuiteRunnerWorker.java:86)
	at org.testng.TestNG.runSuitesSequentially(TestNG.java:1198)
	at org.testng.TestNG.runSuitesLocally(TestNG.java:1123)
	at org.testng.TestNG.run(TestNG.java:1031)
	at org.testng.remote.AbstractRemoteTestNG.run(AbstractRemoteTestNG.java:126)
	at org.testng.remote.RemoteTestNG.initAndRun(RemoteTestNG.java:137)
	at org.testng.remote.RemoteTestNG.main(RemoteTestNG.java:58)
</pre></div></td>
<td>17</td>
<td>automationFramework.TestCases.SearchTest2@262b2c86</td></tr>
<tr>
<td title='automationFramework.TestCases.SearchTest2.searchCustomerClickNotVerified()'><b>searchCustomerClickNotVerified</b><br>Test class: automationFramework.TestCases.SearchTest2</td>
<td><div><pre>java.lang.AssertionError: expected [4033311371] but found [4033311371,undefined,undefined]
	at automationFramework.TestCases.SearchTest2.searchCustomerClickNotVerified(SearchTest2.java:309)
... Removed 29 stack frames</pre></div><a href='#' onClick='toggleBox("stack-trace623169658", this, "Click to show all stack frames", "Click to hide stack frames")'>Click to show all stack frames</a>
<div class='stack-trace' id='stack-trace623169658'><pre>java.lang.AssertionError: expected [4033311371] but found [4033311371,undefined,undefined]
	at org.testng.Assert.fail(Assert.java:94)
	at org.testng.Assert.failNotEquals(Assert.java:494)
	at org.testng.Assert.assertEquals(Assert.java:123)
	at org.testng.Assert.assertEquals(Assert.java:176)
	at org.testng.Assert.assertEquals(Assert.java:186)
	at automationFramework.TestCases.SearchTest2.searchCustomerClickNotVerified(SearchTest2.java:309)
	at sun.reflect.NativeMethodAccessorImpl.invoke0(Native Method)
	at sun.reflect.NativeMethodAccessorImpl.invoke(Unknown Source)
	at sun.reflect.DelegatingMethodAccessorImpl.invoke(Unknown Source)
	at java.lang.reflect.Method.invoke(Unknown Source)
	at org.testng.internal.MethodInvocationHelper.invokeMethod(MethodInvocationHelper.java:80)
	at org.testng.internal.Invoker.invokeMethod(Invoker.java:714)
	at org.testng.internal.Invoker.invokeTestMethod(Invoker.java:901)
	at org.testng.internal.Invoker.invokeTestMethods(Invoker.java:1231)
	at org.testng.internal.TestMethodWorker.invokeTestMethods(TestMethodWorker.java:127)
	at org.testng.internal.TestMethodWorker.run(TestMethodWorker.java:111)
	at org.testng.TestRunner.privateRun(TestRunner.java:767)
	at org.testng.TestRunner.run(TestRunner.java:617)
	at org.testng.SuiteRunner.runTest(SuiteRunner.java:334)
	at org.testng.SuiteRunner.runSequentially(SuiteRunner.java:329)
	at org.testng.SuiteRunner.privateRun(SuiteRunner.java:291)
	at org.testng.SuiteRunner.run(SuiteRunner.java:240)
	at org.testng.SuiteRunnerWorker.runSuite(SuiteRunnerWorker.java:52)
	at org.testng.SuiteRunnerWorker.run(SuiteRunnerWorker.java:86)
	at org.testng.TestNG.runSuitesSequentially(TestNG.java:1198)
	at org.testng.TestNG.runSuitesLocally(TestNG.java:1123)
	at org.testng.TestNG.run(TestNG.java:1031)
	at org.testng.remote.AbstractRemoteTestNG.run(AbstractRemoteTestNG.java:126)
	at org.testng.remote.RemoteTestNG.initAndRun(RemoteTestNG.java:137)
	at org.testng.remote.RemoteTestNG.main(RemoteTestNG.java:58)
</pre></div></td>
<td>10</td>
<td>automationFramework.TestCases.SearchTest2@262b2c86</td></tr>
<tr>
<td title='automationFramework.TestCases.SearchTest2.searchCustomerNotVerifiedThreeInfoTest()'><b>searchCustomerNotVerifiedThreeInfoTest</b><br>Test class: automationFramework.TestCases.SearchTest2</td>
<td><div><pre>java.lang.AssertionError: expected [4033311371] but found [4033311371,undefined,undefined]
	at automationFramework.TestCases.SearchTest2.searchCustomerNotVerifiedThreeInfoTest(SearchTest2.java:277)
... Removed 29 stack frames</pre></div><a href='#' onClick='toggleBox("stack-trace404279307", this, "Click to show all stack frames", "Click to hide stack frames")'>Click to show all stack frames</a>
<div class='stack-trace' id='stack-trace404279307'><pre>java.lang.AssertionError: expected [4033311371] but found [4033311371,undefined,undefined]
	at org.testng.Assert.fail(Assert.java:94)
	at org.testng.Assert.failNotEquals(Assert.java:494)
	at org.testng.Assert.assertEquals(Assert.java:123)
	at org.testng.Assert.assertEquals(Assert.java:176)
	at org.testng.Assert.assertEquals(Assert.java:186)
	at automationFramework.TestCases.SearchTest2.searchCustomerNotVerifiedThreeInfoTest(SearchTest2.java:277)
	at sun.reflect.NativeMethodAccessorImpl.invoke0(Native Method)
	at sun.reflect.NativeMethodAccessorImpl.invoke(Unknown Source)
	at sun.reflect.DelegatingMethodAccessorImpl.invoke(Unknown Source)
	at java.lang.reflect.Method.invoke(Unknown Source)
	at org.testng.internal.MethodInvocationHelper.invokeMethod(MethodInvocationHelper.java:80)
	at org.testng.internal.Invoker.invokeMethod(Invoker.java:714)
	at org.testng.internal.Invoker.invokeTestMethod(Invoker.java:901)
	at org.testng.internal.Invoker.invokeTestMethods(Invoker.java:1231)
	at org.testng.internal.TestMethodWorker.invokeTestMethods(TestMethodWorker.java:127)
	at org.testng.internal.TestMethodWorker.run(TestMethodWorker.java:111)
	at org.testng.TestRunner.privateRun(TestRunner.java:767)
	at org.testng.TestRunner.run(TestRunner.java:617)
	at org.testng.SuiteRunner.runTest(SuiteRunner.java:334)
	at org.testng.SuiteRunner.runSequentially(SuiteRunner.java:329)
	at org.testng.SuiteRunner.privateRun(SuiteRunner.java:291)
	at org.testng.SuiteRunner.run(SuiteRunner.java:240)
	at org.testng.SuiteRunnerWorker.runSuite(SuiteRunnerWorker.java:52)
	at org.testng.SuiteRunnerWorker.run(SuiteRunnerWorker.java:86)
	at org.testng.TestNG.runSuitesSequentially(TestNG.java:1198)
	at org.testng.TestNG.runSuitesLocally(TestNG.java:1123)
	at org.testng.TestNG.run(TestNG.java:1031)
	at org.testng.remote.AbstractRemoteTestNG.run(AbstractRemoteTestNG.java:126)
	at org.testng.remote.RemoteTestNG.initAndRun(RemoteTestNG.java:137)
	at org.testng.remote.RemoteTestNG.main(RemoteTestNG.java:58)
</pre></div></td>
<td>8</td>
<td>automationFramework.TestCases.SearchTest2@262b2c86</td></tr>
<tr>
<td title='automationFramework.TestCases.SearchTest.searchCustomerVerifiedTest()'><b>searchCustomerVerifiedTest</b><br>Test class: automationFramework.TestCases.SearchTest</td>
<td><div><pre>java.lang.AssertionError: expected [4033311371] but found [4033311371,undefined,undefined]
	at automationFramework.TestCases.SearchTest.searchCustomerVerifiedTest(SearchTest.java:76)
... Removed 29 stack frames</pre></div><a href='#' onClick='toggleBox("stack-trace1083413945", this, "Click to show all stack frames", "Click to hide stack frames")'>Click to show all stack frames</a>
<div class='stack-trace' id='stack-trace1083413945'><pre>java.lang.AssertionError: expected [4033311371] but found [4033311371,undefined,undefined]
	at org.testng.Assert.fail(Assert.java:94)
	at org.testng.Assert.failNotEquals(Assert.java:494)
	at org.testng.Assert.assertEquals(Assert.java:123)
	at org.testng.Assert.assertEquals(Assert.java:176)
	at org.testng.Assert.assertEquals(Assert.java:186)
	at automationFramework.TestCases.SearchTest.searchCustomerVerifiedTest(SearchTest.java:76)
	at sun.reflect.NativeMethodAccessorImpl.invoke0(Native Method)
	at sun.reflect.NativeMethodAccessorImpl.invoke(Unknown Source)
	at sun.reflect.DelegatingMethodAccessorImpl.invoke(Unknown Source)
	at java.lang.reflect.Method.invoke(Unknown Source)
	at org.testng.internal.MethodInvocationHelper.invokeMethod(MethodInvocationHelper.java:80)
	at org.testng.internal.Invoker.invokeMethod(Invoker.java:714)
	at org.testng.internal.Invoker.invokeTestMethod(Invoker.java:901)
	at org.testng.internal.Invoker.invokeTestMethods(Invoker.java:1231)
	at org.testng.internal.TestMethodWorker.invokeTestMethods(TestMethodWorker.java:127)
	at org.testng.internal.TestMethodWorker.run(TestMethodWorker.java:111)
	at org.testng.TestRunner.privateRun(TestRunner.java:767)
	at org.testng.TestRunner.run(TestRunner.java:617)
	at org.testng.SuiteRunner.runTest(SuiteRunner.java:334)
	at org.testng.SuiteRunner.runSequentially(SuiteRunner.java:329)
	at org.testng.SuiteRunner.privateRun(SuiteRunner.java:291)
	at org.testng.SuiteRunner.run(SuiteRunner.java:240)
	at org.testng.SuiteRunnerWorker.runSuite(SuiteRunnerWorker.java:52)
	at org.testng.SuiteRunnerWorker.run(SuiteRunnerWorker.java:86)
	at org.testng.TestNG.runSuitesSequentially(TestNG.java:1198)
	at org.testng.TestNG.runSuitesLocally(TestNG.java:1123)
	at org.testng.TestNG.run(TestNG.java:1031)
	at org.testng.remote.AbstractRemoteTestNG.run(AbstractRemoteTestNG.java:126)
	at org.testng.remote.RemoteTestNG.initAndRun(RemoteTestNG.java:137)
	at org.testng.remote.RemoteTestNG.main(RemoteTestNG.java:58)
</pre></div></td>
<td>7</td>
<td>automationFramework.TestCases.SearchTest@7b69c6ba</td></tr>
<tr>
<td title='automationFramework.TestCases.SearchTest2.searchCustomerVerifiedThreeInfoTest()'><b>searchCustomerVerifiedThreeInfoTest</b><br>Test class: automationFramework.TestCases.SearchTest2</td>
<td><div><pre>java.lang.AssertionError: expected [4033311371] but found [4033311371,undefined,undefined]
	at automationFramework.TestCases.SearchTest2.searchCustomerVerifiedThreeInfoTest(SearchTest2.java:232)
... Removed 29 stack frames</pre></div><a href='#' onClick='toggleBox("stack-trace1206968440", this, "Click to show all stack frames", "Click to hide stack frames")'>Click to show all stack frames</a>
<div class='stack-trace' id='stack-trace1206968440'><pre>java.lang.AssertionError: expected [4033311371] but found [4033311371,undefined,undefined]
	at org.testng.Assert.fail(Assert.java:94)
	at org.testng.Assert.failNotEquals(Assert.java:494)
	at org.testng.Assert.assertEquals(Assert.java:123)
	at org.testng.Assert.assertEquals(Assert.java:176)
	at org.testng.Assert.assertEquals(Assert.java:186)
	at automationFramework.TestCases.SearchTest2.searchCustomerVerifiedThreeInfoTest(SearchTest2.java:232)
	at sun.reflect.NativeMethodAccessorImpl.invoke0(Native Method)
	at sun.reflect.NativeMethodAccessorImpl.invoke(Unknown Source)
	at sun.reflect.DelegatingMethodAccessorImpl.invoke(Unknown Source)
	at java.lang.reflect.Method.invoke(Unknown Source)
	at org.testng.internal.MethodInvocationHelper.invokeMethod(MethodInvocationHelper.java:80)
	at org.testng.internal.Invoker.invokeMethod(Invoker.java:714)
	at org.testng.internal.Invoker.invokeTestMethod(Invoker.java:901)
	at org.testng.internal.Invoker.invokeTestMethods(Invoker.java:1231)
	at org.testng.internal.TestMethodWorker.invokeTestMethods(TestMethodWorker.java:127)
	at org.testng.internal.TestMethodWorker.run(TestMethodWorker.java:111)
	at org.testng.TestRunner.privateRun(TestRunner.java:767)
	at org.testng.TestRunner.run(TestRunner.java:617)
	at org.testng.SuiteRunner.runTest(SuiteRunner.java:334)
	at org.testng.SuiteRunner.runSequentially(SuiteRunner.java:329)
	at org.testng.SuiteRunner.privateRun(SuiteRunner.java:291)
	at org.testng.SuiteRunner.run(SuiteRunner.java:240)
	at org.testng.SuiteRunnerWorker.runSuite(SuiteRunnerWorker.java:52)
	at org.testng.SuiteRunnerWorker.run(SuiteRunnerWorker.java:86)
	at org.testng.TestNG.runSuitesSequentially(TestNG.java:1198)
	at org.testng.TestNG.runSuitesLocally(TestNG.java:1123)
	at org.testng.TestNG.run(TestNG.java:1031)
	at org.testng.remote.AbstractRemoteTestNG.run(AbstractRemoteTestNG.java:126)
	at org.testng.remote.RemoteTestNG.initAndRun(RemoteTestNG.java:137)
	at org.testng.remote.RemoteTestNG.main(RemoteTestNG.java:58)
</pre></div></td>
<td>8</td>
<td>automationFramework.TestCases.SearchTest2@262b2c86</td></tr>
<tr>
<td title='automationFramework.TestCases.UpdateAddressTest.updateAddress()'><b>updateAddress</b><br>Test class: automationFramework.TestCases.UpdateAddressTest</td>
<td><div><pre>java.lang.AssertionError: expected [DR1kurUmRcgK@mailinator.com] but found [WkBExv2MEd6X@mailinator.com]
	at automationFramework.TestCases.UpdateAddressTest.updateAddress(UpdateAddressTest.java:115)
... Removed 29 stack frames</pre></div><a href='#' onClick='toggleBox("stack-trace1005849716", this, "Click to show all stack frames", "Click to hide stack frames")'>Click to show all stack frames</a>
<div class='stack-trace' id='stack-trace1005849716'><pre>java.lang.AssertionError: expected [DR1kurUmRcgK@mailinator.com] but found [WkBExv2MEd6X@mailinator.com]
	at org.testng.Assert.fail(Assert.java:94)
	at org.testng.Assert.failNotEquals(Assert.java:494)
	at org.testng.Assert.assertEquals(Assert.java:123)
	at org.testng.Assert.assertEquals(Assert.java:176)
	at org.testng.Assert.assertEquals(Assert.java:186)
	at automationFramework.TestCases.UpdateAddressTest.updateAddress(UpdateAddressTest.java:115)
	at sun.reflect.NativeMethodAccessorImpl.invoke0(Native Method)
	at sun.reflect.NativeMethodAccessorImpl.invoke(Unknown Source)
	at sun.reflect.DelegatingMethodAccessorImpl.invoke(Unknown Source)
	at java.lang.reflect.Method.invoke(Unknown Source)
	at org.testng.internal.MethodInvocationHelper.invokeMethod(MethodInvocationHelper.java:80)
	at org.testng.internal.Invoker.invokeMethod(Invoker.java:714)
	at org.testng.internal.Invoker.invokeTestMethod(Invoker.java:901)
	at org.testng.internal.Invoker.invokeTestMethods(Invoker.java:1231)
	at org.testng.internal.TestMethodWorker.invokeTestMethods(TestMethodWorker.java:127)
	at org.testng.internal.TestMethodWorker.run(TestMethodWorker.java:111)
	at org.testng.TestRunner.privateRun(TestRunner.java:767)
	at org.testng.TestRunner.run(TestRunner.java:617)
	at org.testng.SuiteRunner.runTest(SuiteRunner.java:334)
	at org.testng.SuiteRunner.runSequentially(SuiteRunner.java:329)
	at org.testng.SuiteRunner.privateRun(SuiteRunner.java:291)
	at org.testng.SuiteRunner.run(SuiteRunner.java:240)
	at org.testng.SuiteRunnerWorker.runSuite(SuiteRunnerWorker.java:52)
	at org.testng.SuiteRunnerWorker.run(SuiteRunnerWorker.java:86)
	at org.testng.TestNG.runSuitesSequentially(TestNG.java:1198)
	at org.testng.TestNG.runSuitesLocally(TestNG.java:1123)
	at org.testng.TestNG.run(TestNG.java:1031)
	at org.testng.remote.AbstractRemoteTestNG.run(AbstractRemoteTestNG.java:126)
	at org.testng.remote.RemoteTestNG.initAndRun(RemoteTestNG.java:137)
	at org.testng.remote.RemoteTestNG.main(RemoteTestNG.java:58)
</pre></div></td>
<td>8</td>
<td>automationFramework.TestCases.UpdateAddressTest@7a9273a8</td></tr>
<tr>
<td title='automationFramework.TestCases.UpdateContactTest.updateContact()'><b>updateContact</b><br>Test class: automationFramework.TestCases.UpdateContactTest</td>
<td><div><pre>java.lang.AssertionError: expected [indy] but found [robert]
	at automationFramework.TestCases.UpdateContactTest.updateContact(UpdateContactTest.java:60)
... Removed 29 stack frames</pre></div><a href='#' onClick='toggleBox("stack-trace1465812524", this, "Click to show all stack frames", "Click to hide stack frames")'>Click to show all stack frames</a>
<div class='stack-trace' id='stack-trace1465812524'><pre>java.lang.AssertionError: expected [indy] but found [robert]
	at org.testng.Assert.fail(Assert.java:94)
	at org.testng.Assert.failNotEquals(Assert.java:494)
	at org.testng.Assert.assertEquals(Assert.java:123)
	at org.testng.Assert.assertEquals(Assert.java:176)
	at org.testng.Assert.assertEquals(Assert.java:186)
	at automationFramework.TestCases.UpdateContactTest.updateContact(UpdateContactTest.java:60)
	at sun.reflect.NativeMethodAccessorImpl.invoke0(Native Method)
	at sun.reflect.NativeMethodAccessorImpl.invoke(Unknown Source)
	at sun.reflect.DelegatingMethodAccessorImpl.invoke(Unknown Source)
	at java.lang.reflect.Method.invoke(Unknown Source)
	at org.testng.internal.MethodInvocationHelper.invokeMethod(MethodInvocationHelper.java:80)
	at org.testng.internal.Invoker.invokeMethod(Invoker.java:714)
	at org.testng.internal.Invoker.invokeTestMethod(Invoker.java:901)
	at org.testng.internal.Invoker.invokeTestMethods(Invoker.java:1231)
	at org.testng.internal.TestMethodWorker.invokeTestMethods(TestMethodWorker.java:127)
	at org.testng.internal.TestMethodWorker.run(TestMethodWorker.java:111)
	at org.testng.TestRunner.privateRun(TestRunner.java:767)
	at org.testng.TestRunner.run(TestRunner.java:617)
	at org.testng.SuiteRunner.runTest(SuiteRunner.java:334)
	at org.testng.SuiteRunner.runSequentially(SuiteRunner.java:329)
	at org.testng.SuiteRunner.privateRun(SuiteRunner.java:291)
	at org.testng.SuiteRunner.run(SuiteRunner.java:240)
	at org.testng.SuiteRunnerWorker.runSuite(SuiteRunnerWorker.java:52)
	at org.testng.SuiteRunnerWorker.run(SuiteRunnerWorker.java:86)
	at org.testng.TestNG.runSuitesSequentially(TestNG.java:1198)
	at org.testng.TestNG.runSuitesLocally(TestNG.java:1123)
	at org.testng.TestNG.run(TestNG.java:1031)
	at org.testng.remote.AbstractRemoteTestNG.run(AbstractRemoteTestNG.java:126)
	at org.testng.remote.RemoteTestNG.initAndRun(RemoteTestNG.java:137)
	at org.testng.remote.RemoteTestNG.main(RemoteTestNG.java:58)
</pre></div></td>
<td>15</td>
<td>automationFramework.TestCases.UpdateContactTest@5f3a4b84</td></tr>
<tr>
<td title='automationFramework.TestCases.UpdateContactTest.updateContactCancel()'><b>updateContactCancel</b><br>Test class: automationFramework.TestCases.UpdateContactTest</td>
<td><div><pre>java.lang.AssertionError: expected [4033311371] but found [4033311371,undefined,undefined]
	at automationFramework.TestCases.UpdateContactTest.updateContactCancel(UpdateContactTest.java:88)
... Removed 29 stack frames</pre></div><a href='#' onClick='toggleBox("stack-trace590842329", this, "Click to show all stack frames", "Click to hide stack frames")'>Click to show all stack frames</a>
<div class='stack-trace' id='stack-trace590842329'><pre>java.lang.AssertionError: expected [4033311371] but found [4033311371,undefined,undefined]
	at org.testng.Assert.fail(Assert.java:94)
	at org.testng.Assert.failNotEquals(Assert.java:494)
	at org.testng.Assert.assertEquals(Assert.java:123)
	at org.testng.Assert.assertEquals(Assert.java:176)
	at org.testng.Assert.assertEquals(Assert.java:186)
	at automationFramework.TestCases.UpdateContactTest.updateContactCancel(UpdateContactTest.java:88)
	at sun.reflect.NativeMethodAccessorImpl.invoke0(Native Method)
	at sun.reflect.NativeMethodAccessorImpl.invoke(Unknown Source)
	at sun.reflect.DelegatingMethodAccessorImpl.invoke(Unknown Source)
	at java.lang.reflect.Method.invoke(Unknown Source)
	at org.testng.internal.MethodInvocationHelper.invokeMethod(MethodInvocationHelper.java:80)
	at org.testng.internal.Invoker.invokeMethod(Invoker.java:714)
	at org.testng.internal.Invoker.invokeTestMethod(Invoker.java:901)
	at org.testng.internal.Invoker.invokeTestMethods(Invoker.java:1231)
	at org.testng.internal.TestMethodWorker.invokeTestMethods(TestMethodWorker.java:127)
	at org.testng.internal.TestMethodWorker.run(TestMethodWorker.java:111)
	at org.testng.TestRunner.privateRun(TestRunner.java:767)
	at org.testng.TestRunner.run(TestRunner.java:617)
	at org.testng.SuiteRunner.runTest(SuiteRunner.java:334)
	at org.testng.SuiteRunner.runSequentially(SuiteRunner.java:329)
	at org.testng.SuiteRunner.privateRun(SuiteRunner.java:291)
	at org.testng.SuiteRunner.run(SuiteRunner.java:240)
	at org.testng.SuiteRunnerWorker.runSuite(SuiteRunnerWorker.java:52)
	at org.testng.SuiteRunnerWorker.run(SuiteRunnerWorker.java:86)
	at org.testng.TestNG.runSuitesSequentially(TestNG.java:1198)
	at org.testng.TestNG.runSuitesLocally(TestNG.java:1123)
	at org.testng.TestNG.run(TestNG.java:1031)
	at org.testng.remote.AbstractRemoteTestNG.run(AbstractRemoteTestNG.java:126)
	at org.testng.remote.RemoteTestNG.initAndRun(RemoteTestNG.java:137)
	at org.testng.remote.RemoteTestNG.main(RemoteTestNG.java:58)
</pre></div></td>
<td>19</td>
<td>automationFramework.TestCases.UpdateContactTest@5f3a4b84</td></tr>
<tr>
<td title='automationFramework.TestCases.UpdateContactTest.updateContactInvalidPhone()'><b>updateContactInvalidPhone</b><br>Test class: automationFramework.TestCases.UpdateContactTest</td>
<td><div><pre>java.lang.AssertionError: expected [phone[0].number errors.general.invalid.phone.number] but found []
	at automationFramework.TestCases.UpdateContactTest.updateContactInvalidPhone(UpdateContactTest.java:188)
... Removed 29 stack frames</pre></div><a href='#' onClick='toggleBox("stack-trace1075420510", this, "Click to show all stack frames", "Click to hide stack frames")'>Click to show all stack frames</a>
<div class='stack-trace' id='stack-trace1075420510'><pre>java.lang.AssertionError: expected [phone[0].number errors.general.invalid.phone.number] but found []
	at org.testng.Assert.fail(Assert.java:94)
	at org.testng.Assert.failNotEquals(Assert.java:494)
	at org.testng.Assert.assertEquals(Assert.java:123)
	at org.testng.Assert.assertEquals(Assert.java:176)
	at org.testng.Assert.assertEquals(Assert.java:186)
	at automationFramework.TestCases.UpdateContactTest.updateContactInvalidPhone(UpdateContactTest.java:188)
	at sun.reflect.NativeMethodAccessorImpl.invoke0(Native Method)
	at sun.reflect.NativeMethodAccessorImpl.invoke(Unknown Source)
	at sun.reflect.DelegatingMethodAccessorImpl.invoke(Unknown Source)
	at java.lang.reflect.Method.invoke(Unknown Source)
	at org.testng.internal.MethodInvocationHelper.invokeMethod(MethodInvocationHelper.java:80)
	at org.testng.internal.Invoker.invokeMethod(Invoker.java:714)
	at org.testng.internal.Invoker.invokeTestMethod(Invoker.java:901)
	at org.testng.internal.Invoker.invokeTestMethods(Invoker.java:1231)
	at org.testng.internal.TestMethodWorker.invokeTestMethods(TestMethodWorker.java:127)
	at org.testng.internal.TestMethodWorker.run(TestMethodWorker.java:111)
	at org.testng.TestRunner.privateRun(TestRunner.java:767)
	at org.testng.TestRunner.run(TestRunner.java:617)
	at org.testng.SuiteRunner.runTest(SuiteRunner.java:334)
	at org.testng.SuiteRunner.runSequentially(SuiteRunner.java:329)
	at org.testng.SuiteRunner.privateRun(SuiteRunner.java:291)
	at org.testng.SuiteRunner.run(SuiteRunner.java:240)
	at org.testng.SuiteRunnerWorker.runSuite(SuiteRunnerWorker.java:52)
	at org.testng.SuiteRunnerWorker.run(SuiteRunnerWorker.java:86)
	at org.testng.TestNG.runSuitesSequentially(TestNG.java:1198)
	at org.testng.TestNG.runSuitesLocally(TestNG.java:1123)
	at org.testng.TestNG.run(TestNG.java:1031)
	at org.testng.remote.AbstractRemoteTestNG.run(AbstractRemoteTestNG.java:126)
	at org.testng.remote.RemoteTestNG.initAndRun(RemoteTestNG.java:137)
	at org.testng.remote.RemoteTestNG.main(RemoteTestNG.java:58)
</pre></div></td>
<td>14</td>
<td>automationFramework.TestCases.UpdateContactTest@5f3a4b84</td></tr>
<tr>
<td title='automationFramework.TestCases.BalanceHistoryTest.viewBalanceHistoryFilterTest()'><b>viewBalanceHistoryFilterTest</b><br>Test class: automationFramework.TestCases.BalanceHistoryTest</td>
<td><div><pre>org.openqa.selenium.NoSuchElementException: no such element: Unable to locate element: {&quot;method&quot;:&quot;xpath&quot;,&quot;selector&quot;:&quot;//*[@id=&apos;balanceHistory_list_tbl&apos;]/div/div/table/tbody/tr/td[3]/span&quot;}
  (Session info: chrome=57.0.2987.133)
  (Driver info: chromedriver=2.28.455520 (cc17746adff54984afff480136733114c6b3704b),platform=Windows NT 6.1.7601 SP1 x86_64) (WARNING: The server did not provide any stacktrace information)
Command duration or timeout: 60.10 seconds
For documentation on this error, please visit: http://seleniumhq.org/exceptions/no_such_element.html
Build info: version: &apos;3.0.1&apos;, revision: &apos;1969d75&apos;, time: &apos;2016-10-18 09:49:13 -0700&apos;
System info: host: &apos;NACTS-081729&apos;, ip: &apos;149.63.89.30&apos;, os.name: &apos;Windows 7&apos;, os.arch: &apos;amd64&apos;, os.version: &apos;6.1&apos;, java.version: &apos;1.8.0_77&apos;
Driver info: org.openqa.selenium.chrome.ChromeDriver
Capabilities [{applicationCacheEnabled=false, rotatable=false, mobileEmulationEnabled=false, networkConnectionEnabled=false, chrome={chromedriverVersion=2.28.455520 (cc17746adff54984afff480136733114c6b3704b), userDataDir=C:\Users\200123\AppData\Local\Temp\scoped_dir34392_5187}, takesHeapSnapshot=true, pageLoadStrategy=normal, databaseEnabled=false, handlesAlerts=true, hasTouchScreen=false, version=57.0.2987.133, platform=XP, browserConnectionEnabled=false, nativeEvents=true, acceptSslCerts=true, locationContextEnabled=true, webStorageEnabled=true, browserName=chrome, takesScreenshot=true, javascriptEnabled=true, cssSelectorsEnabled=true, unexpectedAlertBehaviour=}]
Session ID: 3195774d3fd93453fe43598f510b513c
*** Element info: {Using=xpath, value=//*[@id=&apos;balanceHistory_list_tbl&apos;]/div/div/table/tbody/tr/td[3]/span}
	at org.openqa.selenium.remote.ErrorHandler.createThrowable(ErrorHandler.java:216)
	at org.openqa.selenium.remote.ErrorHandler.throwIfResponseFailed(ErrorHandler.java:168)
	at org.openqa.selenium.remote.RemoteWebDriver.execute(RemoteWebDriver.java:635)
	at org.openqa.selenium.remote.RemoteWebDriver.findElement(RemoteWebDriver.java:368)
	at org.openqa.selenium.remote.RemoteWebDriver.findElementByXPath(RemoteWebDriver.java:473)
	at org.openqa.selenium.By$ByXPath.findElement(By.java:361)
	at org.openqa.selenium.remote.RemoteWebDriver.findElement(RemoteWebDriver.java:360)
	at automationFramework.PageObjects.BalanceHistoryPage.getPurse(BalanceHistoryPage.java:45)
	at automationFramework.TestCases.BalanceHistoryTest.viewBalanceHistoryFilterTest(BalanceHistoryTest.java:135)
... Removed 28 stack frames</pre></div><a href='#' onClick='toggleBox("stack-trace208301085", this, "Click to show all stack frames", "Click to hide stack frames")'>Click to show all stack frames</a>
<div class='stack-trace' id='stack-trace208301085'><pre>org.openqa.selenium.NoSuchElementException: no such element: Unable to locate element: {&quot;method&quot;:&quot;xpath&quot;,&quot;selector&quot;:&quot;//*[@id=&apos;balanceHistory_list_tbl&apos;]/div/div/table/tbody/tr/td[3]/span&quot;}
  (Session info: chrome=57.0.2987.133)
  (Driver info: chromedriver=2.28.455520 (cc17746adff54984afff480136733114c6b3704b),platform=Windows NT 6.1.7601 SP1 x86_64) (WARNING: The server did not provide any stacktrace information)
Command duration or timeout: 60.10 seconds
For documentation on this error, please visit: http://seleniumhq.org/exceptions/no_such_element.html
Build info: version: &apos;3.0.1&apos;, revision: &apos;1969d75&apos;, time: &apos;2016-10-18 09:49:13 -0700&apos;
System info: host: &apos;NACTS-081729&apos;, ip: &apos;149.63.89.30&apos;, os.name: &apos;Windows 7&apos;, os.arch: &apos;amd64&apos;, os.version: &apos;6.1&apos;, java.version: &apos;1.8.0_77&apos;
Driver info: org.openqa.selenium.chrome.ChromeDriver
Capabilities [{applicationCacheEnabled=false, rotatable=false, mobileEmulationEnabled=false, networkConnectionEnabled=false, chrome={chromedriverVersion=2.28.455520 (cc17746adff54984afff480136733114c6b3704b), userDataDir=C:\Users\200123\AppData\Local\Temp\scoped_dir34392_5187}, takesHeapSnapshot=true, pageLoadStrategy=normal, databaseEnabled=false, handlesAlerts=true, hasTouchScreen=false, version=57.0.2987.133, platform=XP, browserConnectionEnabled=false, nativeEvents=true, acceptSslCerts=true, locationContextEnabled=true, webStorageEnabled=true, browserName=chrome, takesScreenshot=true, javascriptEnabled=true, cssSelectorsEnabled=true, unexpectedAlertBehaviour=}]
Session ID: 3195774d3fd93453fe43598f510b513c
*** Element info: {Using=xpath, value=//*[@id=&apos;balanceHistory_list_tbl&apos;]/div/div/table/tbody/tr/td[3]/span}
	at sun.reflect.NativeConstructorAccessorImpl.newInstance0(Native Method)
	at sun.reflect.NativeConstructorAccessorImpl.newInstance(Unknown Source)
	at sun.reflect.DelegatingConstructorAccessorImpl.newInstance(Unknown Source)
	at java.lang.reflect.Constructor.newInstance(Unknown Source)
	at org.openqa.selenium.remote.ErrorHandler.createThrowable(ErrorHandler.java:216)
	at org.openqa.selenium.remote.ErrorHandler.throwIfResponseFailed(ErrorHandler.java:168)
	at org.openqa.selenium.remote.RemoteWebDriver.execute(RemoteWebDriver.java:635)
	at org.openqa.selenium.remote.RemoteWebDriver.findElement(RemoteWebDriver.java:368)
	at org.openqa.selenium.remote.RemoteWebDriver.findElementByXPath(RemoteWebDriver.java:473)
	at org.openqa.selenium.By$ByXPath.findElement(By.java:361)
	at org.openqa.selenium.remote.RemoteWebDriver.findElement(RemoteWebDriver.java:360)
	at automationFramework.PageObjects.BalanceHistoryPage.getPurse(BalanceHistoryPage.java:45)
	at automationFramework.TestCases.BalanceHistoryTest.viewBalanceHistoryFilterTest(BalanceHistoryTest.java:135)
	at sun.reflect.NativeMethodAccessorImpl.invoke0(Native Method)
	at sun.reflect.NativeMethodAccessorImpl.invoke(Unknown Source)
	at sun.reflect.DelegatingMethodAccessorImpl.invoke(Unknown Source)
	at java.lang.reflect.Method.invoke(Unknown Source)
	at org.testng.internal.MethodInvocationHelper.invokeMethod(MethodInvocationHelper.java:80)
	at org.testng.internal.Invoker.invokeMethod(Invoker.java:714)
	at org.testng.internal.Invoker.invokeTestMethod(Invoker.java:901)
	at org.testng.internal.Invoker.invokeTestMethods(Invoker.java:1231)
	at org.testng.internal.TestMethodWorker.invokeTestMethods(TestMethodWorker.java:127)
	at org.testng.internal.TestMethodWorker.run(TestMethodWorker.java:111)
	at org.testng.TestRunner.privateRun(TestRunner.java:767)
	at org.testng.TestRunner.run(TestRunner.java:617)
	at org.testng.SuiteRunner.runTest(SuiteRunner.java:334)
	at org.testng.SuiteRunner.runSequentially(SuiteRunner.java:329)
	at org.testng.SuiteRunner.privateRun(SuiteRunner.java:291)
	at org.testng.SuiteRunner.run(SuiteRunner.java:240)
	at org.testng.SuiteRunnerWorker.runSuite(SuiteRunnerWorker.java:52)
	at org.testng.SuiteRunnerWorker.run(SuiteRunnerWorker.java:86)
	at org.testng.TestNG.runSuitesSequentially(TestNG.java:1198)
	at org.testng.TestNG.runSuitesLocally(TestNG.java:1123)
	at org.testng.TestNG.run(TestNG.java:1031)
	at org.testng.remote.AbstractRemoteTestNG.run(AbstractRemoteTestNG.java:126)
	at org.testng.remote.RemoteTestNG.initAndRun(RemoteTestNG.java:137)
	at org.testng.remote.RemoteTestNG.main(RemoteTestNG.java:58)
</pre></div></td>
<td>120</td>
<td>automationFramework.TestCases.BalanceHistoryTest@4923ab24</td></tr>
<tr>
<td title='automationFramework.TestCases.TravelHistoryTest.viewTravelHistoryRegistredCustomerSubAccount()'><b>viewTravelHistoryRegistredCustomerSubAccount</b><br>Test class: automationFramework.TestCases.TravelHistoryTest</td>
<td><div><pre>java.lang.AssertionError: expected [railstation] but found []
	at automationFramework.TestCases.TravelHistoryTest.viewTravelHistoryRegistredCustomerSubAccount(TravelHistoryTest.java:140)
... Removed 29 stack frames</pre></div><a href='#' onClick='toggleBox("stack-trace1955698249", this, "Click to show all stack frames", "Click to hide stack frames")'>Click to show all stack frames</a>
<div class='stack-trace' id='stack-trace1955698249'><pre>java.lang.AssertionError: expected [railstation] but found []
	at org.testng.Assert.fail(Assert.java:94)
	at org.testng.Assert.failNotEquals(Assert.java:494)
	at org.testng.Assert.assertEquals(Assert.java:123)
	at org.testng.Assert.assertEquals(Assert.java:176)
	at org.testng.Assert.assertEquals(Assert.java:186)
	at automationFramework.TestCases.TravelHistoryTest.viewTravelHistoryRegistredCustomerSubAccount(TravelHistoryTest.java:140)
	at sun.reflect.NativeMethodAccessorImpl.invoke0(Native Method)
	at sun.reflect.NativeMethodAccessorImpl.invoke(Unknown Source)
	at sun.reflect.DelegatingMethodAccessorImpl.invoke(Unknown Source)
	at java.lang.reflect.Method.invoke(Unknown Source)
	at org.testng.internal.MethodInvocationHelper.invokeMethod(MethodInvocationHelper.java:80)
	at org.testng.internal.Invoker.invokeMethod(Invoker.java:714)
	at org.testng.internal.Invoker.invokeTestMethod(Invoker.java:901)
	at org.testng.internal.Invoker.invokeTestMethods(Invoker.java:1231)
	at org.testng.internal.TestMethodWorker.invokeTestMethods(TestMethodWorker.java:127)
	at org.testng.internal.TestMethodWorker.run(TestMethodWorker.java:111)
	at org.testng.TestRunner.privateRun(TestRunner.java:767)
	at org.testng.TestRunner.run(TestRunner.java:617)
	at org.testng.SuiteRunner.runTest(SuiteRunner.java:334)
	at org.testng.SuiteRunner.runSequentially(SuiteRunner.java:329)
	at org.testng.SuiteRunner.privateRun(SuiteRunner.java:291)
	at org.testng.SuiteRunner.run(SuiteRunner.java:240)
	at org.testng.SuiteRunnerWorker.runSuite(SuiteRunnerWorker.java:52)
	at org.testng.SuiteRunnerWorker.run(SuiteRunnerWorker.java:86)
	at org.testng.TestNG.runSuitesSequentially(TestNG.java:1198)
	at org.testng.TestNG.runSuitesLocally(TestNG.java:1123)
	at org.testng.TestNG.run(TestNG.java:1031)
	at org.testng.remote.AbstractRemoteTestNG.run(AbstractRemoteTestNG.java:126)
	at org.testng.remote.RemoteTestNG.initAndRun(RemoteTestNG.java:137)
	at org.testng.remote.RemoteTestNG.main(RemoteTestNG.java:58)
</pre></div></td>
<td>438</td>
<td>automationFramework.TestCases.TravelHistoryTest@27f723</td></tr>
<tr>
<td title='automationFramework.TestCases.TravelHistoryTest.viewTravelHistoryUnregistredCustomer()'><b>viewTravelHistoryUnregistredCustomer</b><br>Test class: automationFramework.TestCases.TravelHistoryTest</td>
<td><div><pre>java.lang.AssertionError: expected [railstation] but found []
	at automationFramework.TestCases.TravelHistoryTest.viewTravelHistoryUnregistredCustomer(TravelHistoryTest.java:83)
... Removed 29 stack frames</pre></div><a href='#' onClick='toggleBox("stack-trace2145383787", this, "Click to show all stack frames", "Click to hide stack frames")'>Click to show all stack frames</a>
<div class='stack-trace' id='stack-trace2145383787'><pre>java.lang.AssertionError: expected [railstation] but found []
	at org.testng.Assert.fail(Assert.java:94)
	at org.testng.Assert.failNotEquals(Assert.java:494)
	at org.testng.Assert.assertEquals(Assert.java:123)
	at org.testng.Assert.assertEquals(Assert.java:176)
	at org.testng.Assert.assertEquals(Assert.java:186)
	at automationFramework.TestCases.TravelHistoryTest.viewTravelHistoryUnregistredCustomer(TravelHistoryTest.java:83)
	at sun.reflect.NativeMethodAccessorImpl.invoke0(Native Method)
	at sun.reflect.NativeMethodAccessorImpl.invoke(Unknown Source)
	at sun.reflect.DelegatingMethodAccessorImpl.invoke(Unknown Source)
	at java.lang.reflect.Method.invoke(Unknown Source)
	at org.testng.internal.MethodInvocationHelper.invokeMethod(MethodInvocationHelper.java:80)
	at org.testng.internal.Invoker.invokeMethod(Invoker.java:714)
	at org.testng.internal.Invoker.invokeTestMethod(Invoker.java:901)
	at org.testng.internal.Invoker.invokeTestMethods(Invoker.java:1231)
	at org.testng.internal.TestMethodWorker.invokeTestMethods(TestMethodWorker.java:127)
	at org.testng.internal.TestMethodWorker.run(TestMethodWorker.java:111)
	at org.testng.TestRunner.privateRun(TestRunner.java:767)
	at org.testng.TestRunner.run(TestRunner.java:617)
	at org.testng.SuiteRunner.runTest(SuiteRunner.java:334)
	at org.testng.SuiteRunner.runSequentially(SuiteRunner.java:329)
	at org.testng.SuiteRunner.privateRun(SuiteRunner.java:291)
	at org.testng.SuiteRunner.run(SuiteRunner.java:240)
	at org.testng.SuiteRunnerWorker.runSuite(SuiteRunnerWorker.java:52)
	at org.testng.SuiteRunnerWorker.run(SuiteRunnerWorker.java:86)
	at org.testng.TestNG.runSuitesSequentially(TestNG.java:1198)
	at org.testng.TestNG.runSuitesLocally(TestNG.java:1123)
	at org.testng.TestNG.run(TestNG.java:1031)
	at org.testng.remote.AbstractRemoteTestNG.run(AbstractRemoteTestNG.java:126)
	at org.testng.remote.RemoteTestNG.initAndRun(RemoteTestNG.java:137)
	at org.testng.remote.RemoteTestNG.main(RemoteTestNG.java:58)
</pre></div></td>
<td>413</td>
<td>automationFramework.TestCases.TravelHistoryTest@27f723</td></tr>
</table><p>
<table width='100%' border='1' class='invocation-passed'>
<tr><td colspan='4' align='center'><b>PASSED TESTS</b></td></tr>
<tr><td><b>Test method</b></td>
<td width="30%"><b>Exception</b></td>
<td width="10%"><b>Time (seconds)</b></td>
<td><b>Instance</b></td>
</tr>
<tr>
<td title='automationFramework.TestCases.UpdateAddressTest.addNewAddressCancel()'><b>addNewAddressCancel</b><br>Test class: automationFramework.TestCases.UpdateAddressTest</td>
<td></td>
<td>192</td>
<td>automationFramework.TestCases.UpdateAddressTest@7a9273a8</td></tr>
<tr>
<td title='automationFramework.TestCases.UpdateAddressTest.addNewAddressInvalidData()'><b>addNewAddressInvalidData</b><br>Test class: automationFramework.TestCases.UpdateAddressTest</td>
<td></td>
<td>11</td>
<td>automationFramework.TestCases.UpdateAddressTest@7a9273a8</td></tr>
<tr>
<td title='automationFramework.TestCases.EmailTest.checkEmailCreateOrder()'><b>checkEmailCreateOrder</b><br>Test class: automationFramework.TestCases.EmailTest</td>
<td></td>
<td>322</td>
<td>automationFramework.TestCases.EmailTest@7a3d45bd</td></tr>
<tr>
<td title='automationFramework.TestCases.EmailTest.checkEmailLinkAccount()'><b>checkEmailLinkAccount</b><br>Test class: automationFramework.TestCases.EmailTest</td>
<td></td>
<td>211</td>
<td>automationFramework.TestCases.EmailTest@7a3d45bd</td></tr>
<tr>
<td title='automationFramework.TestCases.EmailTest.checkEmailNewCustomer()'><b>checkEmailNewCustomer</b><br>Test class: automationFramework.TestCases.EmailTest</td>
<td></td>
<td>75</td>
<td>automationFramework.TestCases.EmailTest@7a3d45bd</td></tr>
<tr>
<td title='automationFramework.TestCases.CreateCustomerTest.createCustomerCancel()'><b>createCustomerCancel</b><br>Test class: automationFramework.TestCases.CreateCustomerTest</td>
<td></td>
<td>10</td>
<td>automationFramework.TestCases.CreateCustomerTest@12f41634</td></tr>
<tr>
<td title='automationFramework.TestCases.CreateCustomerTest.createCustomerContactTypeNotSelected()'><b>createCustomerContactTypeNotSelected</b><br>Test class: automationFramework.TestCases.CreateCustomerTest</td>
<td></td>
<td>10</td>
<td>automationFramework.TestCases.CreateCustomerTest@12f41634</td></tr>
<tr>
<td title='automationFramework.TestCases.CreateCustomerTest.createCustomerDuplicateUserName()'><b>createCustomerDuplicateUserName</b><br>Test class: automationFramework.TestCases.CreateCustomerTest</td>
<td></td>
<td>23</td>
<td>automationFramework.TestCases.CreateCustomerTest@12f41634</td></tr>
<tr>
<td title='automationFramework.TestCases.CreateCustomerTest.createCustomerEmailMissing()'><b>createCustomerEmailMissing</b><br>Test class: automationFramework.TestCases.CreateCustomerTest</td>
<td></td>
<td>7</td>
<td>automationFramework.TestCases.CreateCustomerTest@12f41634</td></tr>
<tr>
<td title='automationFramework.TestCases.CreateFundingTest.createCustomerFundingInvalidCC()'><b>createCustomerFundingInvalidCC</b><br>Test class: automationFramework.TestCases.CreateFundingTest</td>
<td></td>
<td>25</td>
<td>automationFramework.TestCases.CreateFundingTest@5bcea91b</td></tr>
<tr>
<td title='automationFramework.TestCases.CreateFundingTest.createCustomerFundingInvalidName()'><b>createCustomerFundingInvalidName</b><br>Test class: automationFramework.TestCases.CreateFundingTest</td>
<td></td>
<td>18</td>
<td>automationFramework.TestCases.CreateFundingTest@5bcea91b</td></tr>
<tr>
<td title='automationFramework.TestCases.CreateCustomerTest.createCustomerInvalidEmail()'><b>createCustomerInvalidEmail</b><br>Test class: automationFramework.TestCases.CreateCustomerTest</td>
<td></td>
<td>12</td>
<td>automationFramework.TestCases.CreateCustomerTest@12f41634</td></tr>
<tr>
<td title='automationFramework.TestCases.CreateFundingTest.createCustomerInvalidEmail()'><b>createCustomerInvalidEmail</b><br>Test class: automationFramework.TestCases.CreateFundingTest</td>
<td></td>
<td>12</td>
<td>automationFramework.TestCases.CreateFundingTest@5bcea91b</td></tr>
<tr>
<td title='automationFramework.TestCases.CreateCustomerTest.createCustomerInvalidPhone()'><b>createCustomerInvalidPhone</b><br>Test class: automationFramework.TestCases.CreateCustomerTest</td>
<td></td>
<td>7</td>
<td>automationFramework.TestCases.CreateCustomerTest@12f41634</td></tr>
<tr>
<td title='automationFramework.TestCases.CreateCustomerTest.createCustomerInvalidPin()'><b>createCustomerInvalidPin</b><br>Test class: automationFramework.TestCases.CreateCustomerTest</td>
<td></td>
<td>12</td>
<td>automationFramework.TestCases.CreateCustomerTest@12f41634</td></tr>
<tr>
<td title='automationFramework.TestCases.CreateCustomerTest.createCustomerInvalidPin2()'><b>createCustomerInvalidPin2</b><br>Test class: automationFramework.TestCases.CreateCustomerTest</td>
<td></td>
<td>13</td>
<td>automationFramework.TestCases.CreateCustomerTest@12f41634</td></tr>
<tr>
<td title='automationFramework.TestCases.CreateCustomerTest.createCustomerInvalidUserName()'><b>createCustomerInvalidUserName</b><br>Test class: automationFramework.TestCases.CreateCustomerTest</td>
<td></td>
<td>11</td>
<td>automationFramework.TestCases.CreateCustomerTest@12f41634</td></tr>
<tr>
<td title='automationFramework.TestCases.CreateCustomerTest.createCustomerNameMissing()'><b>createCustomerNameMissing</b><br>Test class: automationFramework.TestCases.CreateCustomerTest</td>
<td></td>
<td>7</td>
<td>automationFramework.TestCases.CreateCustomerTest@12f41634</td></tr>
<tr>
<td title='automationFramework.TestCases.CreateCustomerTest.createCustomerPostalCodeMissing()'><b>createCustomerPostalCodeMissing</b><br>Test class: automationFramework.TestCases.CreateCustomerTest</td>
<td></td>
<td>13</td>
<td>automationFramework.TestCases.CreateCustomerTest@12f41634</td></tr>
<tr>
<td title='automationFramework.TestCases.CreateFundingTest.createFundingSource()'><b>createFundingSource</b><br>Test class: automationFramework.TestCases.CreateFundingTest</td>
<td></td>
<td>17</td>
<td>automationFramework.TestCases.CreateFundingTest@5bcea91b</td></tr>
<tr>
<td title='automationFramework.TestCases.CreateFundingTest.createFundingSourceCancel()'><b>createFundingSourceCancel</b><br>Test class: automationFramework.TestCases.CreateFundingTest</td>
<td></td>
<td>73</td>
<td>automationFramework.TestCases.CreateFundingTest@5bcea91b</td></tr>
<tr>
<td title='automationFramework.TestCases.CreateFundingTest.createFundingSourceChangePrimaryCard()'><b>createFundingSourceChangePrimaryCard</b><br>Test class: automationFramework.TestCases.CreateFundingTest</td>
<td></td>
<td>23</td>
<td>automationFramework.TestCases.CreateFundingTest@5bcea91b</td></tr>
<tr>
<td title='automationFramework.TestCases.CreateFundingTest.createFundingSourceChangePrimaryCardCancel()'><b>createFundingSourceChangePrimaryCardCancel</b><br>Test class: automationFramework.TestCases.CreateFundingTest</td>
<td></td>
<td>25</td>
<td>automationFramework.TestCases.CreateFundingTest@5bcea91b</td></tr>
<tr>
<td title='automationFramework.TestCases.CreateFundingTest.createFundingSourceInvalidCCType()'><b>createFundingSourceInvalidCCType</b><br>Test class: automationFramework.TestCases.CreateFundingTest</td>
<td></td>
<td>14</td>
<td>automationFramework.TestCases.CreateFundingTest@5bcea91b</td></tr>
<tr>
<td title='automationFramework.TestCases.CreateFundingTest.createFundingSourceInvalidExpirationDate()'><b>createFundingSourceInvalidExpirationDate</b><br>Test class: automationFramework.TestCases.CreateFundingTest</td>
<td></td>
<td>15</td>
<td>automationFramework.TestCases.CreateFundingTest@5bcea91b</td></tr>
<tr>
<td title='automationFramework.TestCases.CreateFundingTest.createFundingSourceInvalidPanTooLong()'><b>createFundingSourceInvalidPanTooLong</b><br>Test class: automationFramework.TestCases.CreateFundingTest</td>
<td></td>
<td>15</td>
<td>automationFramework.TestCases.CreateFundingTest@5bcea91b</td></tr>
<tr>
<td title='automationFramework.TestCases.CreateFundingTest.createFundingSourceNewBillingAddress()'><b>createFundingSourceNewBillingAddress</b><br>Test class: automationFramework.TestCases.CreateFundingTest</td>
<td></td>
<td>19</td>
<td>automationFramework.TestCases.CreateFundingTest@5bcea91b</td></tr>
<tr>
<td title='automationFramework.TestCases.CreateFundingTest.createFundingSourceTwoCards()'><b>createFundingSourceTwoCards</b><br>Test class: automationFramework.TestCases.CreateFundingTest</td>
<td></td>
<td>28</td>
<td>automationFramework.TestCases.CreateFundingTest@5bcea91b</td></tr>
<tr>
<td title='automationFramework.TestCases.CreateFundingTest.createFundingSourceTypeNotSelected()'><b>createFundingSourceTypeNotSelected</b><br>Test class: automationFramework.TestCases.CreateFundingTest</td>
<td></td>
<td>14</td>
<td>automationFramework.TestCases.CreateFundingTest@5bcea91b</td></tr>
<tr>
<td title='automationFramework.TestCases.LinkAccountDBTest.createLinkAccountCancellDBcheck()'><b>createLinkAccountCancellDBcheck</b><br>Test class: automationFramework.TestCases.LinkAccountDBTest</td>
<td></td>
<td>310</td>
<td>automationFramework.TestCases.LinkAccountDBTest@1e7c7811</td></tr>
<tr>
<td title='automationFramework.TestCases.LinkAccountDBTest.createLinkAccountDBcheck()'><b>createLinkAccountDBcheck</b><br>Test class: automationFramework.TestCases.LinkAccountDBTest</td>
<td></td>
<td>302</td>
<td>automationFramework.TestCases.LinkAccountDBTest@1e7c7811</td></tr>
<tr>
<td title='automationFramework.TestCases.CreateCustomerDBTest.createNewCustomerCancelDBCheck()'><b>createNewCustomerCancelDBCheck</b><br>Test class: automationFramework.TestCases.CreateCustomerDBTest</td>
<td></td>
<td>9</td>
<td>automationFramework.TestCases.CreateCustomerDBTest@371a67ec</td></tr>
<tr>
<td title='automationFramework.TestCases.CreateCustomerDBTest.createNewCustomerDBCheckAccountTable()'><b>createNewCustomerDBCheckAccountTable</b><br>Test class: automationFramework.TestCases.CreateCustomerDBTest</td>
<td></td>
<td>14</td>
<td>automationFramework.TestCases.CreateCustomerDBTest@371a67ec</td></tr>
<tr>
<td title='automationFramework.TestCases.CreateCustomerDBTest.createNewCustomerDBCheckAddressTable()'><b>createNewCustomerDBCheckAddressTable</b><br>Test class: automationFramework.TestCases.CreateCustomerDBTest</td>
<td></td>
<td>13</td>
<td>automationFramework.TestCases.CreateCustomerDBTest@371a67ec</td></tr>
<tr>
<td title='automationFramework.TestCases.CreateCustomerDBTest.createNewCustomerDBCheckContactTable()'><b>createNewCustomerDBCheckContactTable</b><br>Test class: automationFramework.TestCases.CreateCustomerDBTest</td>
<td></td>
<td>16</td>
<td>automationFramework.TestCases.CreateCustomerDBTest@371a67ec</td></tr>
<tr>
<td title='automationFramework.TestCases.CreateCustomerDBTest.createNewCustomerDBCheckPhoneTable()'><b>createNewCustomerDBCheckPhoneTable</b><br>Test class: automationFramework.TestCases.CreateCustomerDBTest</td>
<td></td>
<td>13</td>
<td>automationFramework.TestCases.CreateCustomerDBTest@371a67ec</td></tr>
<tr>
<td title='automationFramework.TestCases.CreateCustomerDBTest.createNewCustomerDBCheckSecurityTable()'><b>createNewCustomerDBCheckSecurityTable</b><br>Test class: automationFramework.TestCases.CreateCustomerDBTest</td>
<td></td>
<td>13</td>
<td>automationFramework.TestCases.CreateCustomerDBTest@371a67ec</td></tr>
<tr>
<td title='automationFramework.TestCases.CreateOrderTest.createOrderCancel()'><b>createOrderCancel</b><br>Test class: automationFramework.TestCases.CreateOrderTest</td>
<td></td>
<td>15</td>
<td>automationFramework.TestCases.CreateOrderTest@12cdcf4</td></tr>
<tr>
<td title='automationFramework.TestCases.CreateOrderDBTest.createOrderCancelDBcheck()'><b>createOrderCancelDBcheck</b><br>Test class: automationFramework.TestCases.CreateOrderDBTest</td>
<td></td>
<td>20</td>
<td>automationFramework.TestCases.CreateOrderDBTest@46daef40</td></tr>
<tr>
<td title='automationFramework.TestCases.CreateOrderDBTest.createOrderDBcheck()'><b>createOrderDBcheck</b><br>Test class: automationFramework.TestCases.CreateOrderDBTest</td>
<td></td>
<td>29</td>
<td>automationFramework.TestCases.CreateOrderDBTest@46daef40</td></tr>
<tr>
<td title='automationFramework.TestCases.CreateOrderTest.createOrderExpiredCard()'><b>createOrderExpiredCard</b><br>Test class: automationFramework.TestCases.CreateOrderTest</td>
<td></td>
<td>16</td>
<td>automationFramework.TestCases.CreateOrderTest@12cdcf4</td></tr>
<tr>
<td title='automationFramework.TestCases.CreateOrderTest.createOrderNewFundingSource()'><b>createOrderNewFundingSource</b><br>Test class: automationFramework.TestCases.CreateOrderTest</td>
<td></td>
<td>26</td>
<td>automationFramework.TestCases.CreateOrderTest@12cdcf4</td></tr>
<tr>
<td title='automationFramework.TestCases.CreateOrderTest.createOrderSubmit()'><b>createOrderSubmit</b><br>Test class: automationFramework.TestCases.CreateOrderTest</td>
<td></td>
<td>25</td>
<td>automationFramework.TestCases.CreateOrderTest@12cdcf4</td></tr>
<tr>
<td title='automationFramework.TestCases.DeleteFundingTest.deleteFundingSource()'><b>deleteFundingSource</b><br>Test class: automationFramework.TestCases.DeleteFundingTest</td>
<td></td>
<td>15</td>
<td>automationFramework.TestCases.DeleteFundingTest@a38d7a3</td></tr>
<tr>
<td title='automationFramework.TestCases.DeleteFundingTest.deleteFundingSourceCancel()'><b>deleteFundingSourceCancel</b><br>Test class: automationFramework.TestCases.DeleteFundingTest</td>
<td></td>
<td>16</td>
<td>automationFramework.TestCases.DeleteFundingTest@a38d7a3</td></tr>
<tr>
<td title='automationFramework.TestCases.DeleteFundingTest.deleteFundingSourceClose()'><b>deleteFundingSourceClose</b><br>Test class: automationFramework.TestCases.DeleteFundingTest</td>
<td></td>
<td>15</td>
<td>automationFramework.TestCases.DeleteFundingTest@a38d7a3</td></tr>
<tr>
<td title='automationFramework.TestCases.LinkAccountAPITest.linkAccountAlreadyLinkedTest()'><b>linkAccountAlreadyLinkedTest</b><br>Test class: automationFramework.TestCases.LinkAccountAPITest</td>
<td></td>
<td>268</td>
<td>automationFramework.TestCases.LinkAccountAPITest@5ed828d</td></tr>
<tr>
<td title='automationFramework.TestCases.LinkAccountTest.linkAccountAlreadyLinkedTest()'><b>linkAccountAlreadyLinkedTest</b><br>Test class: automationFramework.TestCases.LinkAccountTest</td>
<td></td>
<td>260</td>
<td>automationFramework.TestCases.LinkAccountTest@13c27452</td></tr>
<tr>
<td title='automationFramework.TestCases.LinkAccountAPITest.linkAccountBankAccountMissingTest()'><b>linkAccountBankAccountMissingTest</b><br>Test class: automationFramework.TestCases.LinkAccountAPITest</td>
<td></td>
<td>16</td>
<td>automationFramework.TestCases.LinkAccountAPITest@5ed828d</td></tr>
<tr>
<td title='automationFramework.TestCases.LinkAccountTest.linkAccountBankAccountMissingTest()'><b>linkAccountBankAccountMissingTest</b><br>Test class: automationFramework.TestCases.LinkAccountTest</td>
<td></td>
<td>9</td>
<td>automationFramework.TestCases.LinkAccountTest@13c27452</td></tr>
<tr>
<td title='automationFramework.TestCases.LinkAccountAPITest.linkAccountCancelTest()'><b>linkAccountCancelTest</b><br>Test class: automationFramework.TestCases.LinkAccountAPITest</td>
<td></td>
<td>12</td>
<td>automationFramework.TestCases.LinkAccountAPITest@5ed828d</td></tr>
<tr>
<td title='automationFramework.TestCases.LinkAccountTest.linkAccountCancelTest()'><b>linkAccountCancelTest</b><br>Test class: automationFramework.TestCases.LinkAccountTest</td>
<td></td>
<td>16</td>
<td>automationFramework.TestCases.LinkAccountTest@13c27452</td></tr>
<tr>
<td title='automationFramework.TestCases.LinkAccountAPITest.linkAccountCardExpirationMissingTest()'><b>linkAccountCardExpirationMissingTest</b><br>Test class: automationFramework.TestCases.LinkAccountAPITest</td>
<td></td>
<td>17</td>
<td>automationFramework.TestCases.LinkAccountAPITest@5ed828d</td></tr>
<tr>
<td title='automationFramework.TestCases.LinkAccountTest.linkAccountCardExpirationMissingTest()'><b>linkAccountCardExpirationMissingTest</b><br>Test class: automationFramework.TestCases.LinkAccountTest</td>
<td></td>
<td>10</td>
<td>automationFramework.TestCases.LinkAccountTest@13c27452</td></tr>
<tr>
<td title='automationFramework.TestCases.LinkAccountAPITest.linkAccountFailureTest()'><b>linkAccountFailureTest</b><br>Test class: automationFramework.TestCases.LinkAccountAPITest</td>
<td></td>
<td>18</td>
<td>automationFramework.TestCases.LinkAccountAPITest@5ed828d</td></tr>
<tr>
<td title='automationFramework.TestCases.LinkAccountTest.linkAccountFailureTest()'><b>linkAccountFailureTest</b><br>Test class: automationFramework.TestCases.LinkAccountTest</td>
<td></td>
<td>16</td>
<td>automationFramework.TestCases.LinkAccountTest@13c27452</td></tr>
<tr>
<td title='automationFramework.TestCases.LinkAccountAPITest.linkAccountMessageTest()'><b>linkAccountMessageTest</b><br>Test class: automationFramework.TestCases.LinkAccountAPITest</td>
<td></td>
<td>300</td>
<td>automationFramework.TestCases.LinkAccountAPITest@5ed828d</td></tr>
<tr>
<td title='automationFramework.TestCases.LinkAccountTest.linkAccountMessageTest()'><b>linkAccountMessageTest</b><br>Test class: automationFramework.TestCases.LinkAccountTest</td>
<td></td>
<td>308</td>
<td>automationFramework.TestCases.LinkAccountTest@13c27452</td></tr>
<tr>
<td title='automationFramework.TestCases.LinkAccountAPITest.linkAccountTest()'><b>linkAccountTest</b><br>Test class: automationFramework.TestCases.LinkAccountAPITest</td>
<td></td>
<td>262</td>
<td>automationFramework.TestCases.LinkAccountAPITest@5ed828d</td></tr>
<tr>
<td title='automationFramework.TestCases.LinkAccountTest.linkAccountTest()'><b>linkAccountTest</b><br>Test class: automationFramework.TestCases.LinkAccountTest</td>
<td></td>
<td>254</td>
<td>automationFramework.TestCases.LinkAccountTest@13c27452</td></tr>
<tr>
<td title='automationFramework.TestCases.ResetPasswordTest.resetPassword()'><b>resetPassword</b><br>Test class: automationFramework.TestCases.ResetPasswordTest</td>
<td></td>
<td>9</td>
<td>automationFramework.TestCases.ResetPasswordTest@50d0686</td></tr>
<tr>
<td title='automationFramework.TestCases.ResetPasswordTest.resetPasswordCancel()'><b>resetPasswordCancel</b><br>Test class: automationFramework.TestCases.ResetPasswordTest</td>
<td></td>
<td>9</td>
<td>automationFramework.TestCases.ResetPasswordTest@50d0686</td></tr>
<tr>
<td title='automationFramework.TestCases.ResetPasswordTest.resetPasswordClose()'><b>resetPasswordClose</b><br>Test class: automationFramework.TestCases.ResetPasswordTest</td>
<td></td>
<td>10</td>
<td>automationFramework.TestCases.ResetPasswordTest@50d0686</td></tr>
<tr>
<td title='automationFramework.TestCases.SearchTest2.searchCustomerCheckDuplicateTestEmail()'><b>searchCustomerCheckDuplicateTestEmail</b><br>Test class: automationFramework.TestCases.SearchTest2</td>
<td></td>
<td>7</td>
<td>automationFramework.TestCases.SearchTest2@262b2c86</td></tr>
<tr>
<td title='automationFramework.TestCases.SearchTest2.searchCustomerCheckDuplicateTestFnameLname()'><b>searchCustomerCheckDuplicateTestFnameLname</b><br>Test class: automationFramework.TestCases.SearchTest2</td>
<td></td>
<td>7</td>
<td>automationFramework.TestCases.SearchTest2@262b2c86</td></tr>
<tr>
<td title='automationFramework.TestCases.SearchTest.searchCustomerCheckDuplicateTestLname()'><b>searchCustomerCheckDuplicateTestLname</b><br>Test class: automationFramework.TestCases.SearchTest</td>
<td></td>
<td>6</td>
<td>automationFramework.TestCases.SearchTest@7b69c6ba</td></tr>
<tr>
<td title='automationFramework.TestCases.SearchTest.searchCustomerInvalidEmail()'><b>searchCustomerInvalidEmail</b><br>Test class: automationFramework.TestCases.SearchTest</td>
<td></td>
<td>7</td>
<td>automationFramework.TestCases.SearchTest@7b69c6ba</td></tr>
<tr>
<td title='automationFramework.TestCases.SearchTest.searchCustomerNoResultsTest()'><b>searchCustomerNoResultsTest</b><br>Test class: automationFramework.TestCases.SearchTest</td>
<td></td>
<td>7</td>
<td>automationFramework.TestCases.SearchTest@7b69c6ba</td></tr>
<tr>
<td title='automationFramework.TestCases.SearchTest.searchCustomerNotVerifiedTest()'><b>searchCustomerNotVerifiedTest</b><br>Test class: automationFramework.TestCases.SearchTest</td>
<td></td>
<td>8</td>
<td>automationFramework.TestCases.SearchTest@7b69c6ba</td></tr>
<tr>
<td title='automationFramework.TestCases.SearchTest.searchCustomerTypeNotSelected()'><b>searchCustomerTypeNotSelected</b><br>Test class: automationFramework.TestCases.SearchTest</td>
<td></td>
<td>6</td>
<td>automationFramework.TestCases.SearchTest@7b69c6ba</td></tr>
<tr>
<td title='automationFramework.TestCases.SearchTest2.searchNewSearchButton()'><b>searchNewSearchButton</b><br>Test class: automationFramework.TestCases.SearchTest2</td>
<td></td>
<td>7</td>
<td>automationFramework.TestCases.SearchTest2@262b2c86</td></tr>
<tr>
<td title='automationFramework.TestCases.TokenSearchTest.searchRegistredCustomer()'><b>searchRegistredCustomer</b><br>Test class: automationFramework.TestCases.TokenSearchTest</td>
<td></td>
<td>41</td>
<td>automationFramework.TestCases.TokenSearchTest@25af5db5</td></tr>
<tr>
<td title='automationFramework.TestCases.TokenSearchTest.searchRegistredCustomerVerifiedThreeInfo()'><b>searchRegistredCustomerVerifiedThreeInfo</b><br>Test class: automationFramework.TestCases.TokenSearchTest</td>
<td></td>
<td>41</td>
<td>automationFramework.TestCases.TokenSearchTest@25af5db5</td></tr>
<tr>
<td title='automationFramework.TestCases.TokenSearchTest.searchTokenClickHome()'><b>searchTokenClickHome</b><br>Test class: automationFramework.TestCases.TokenSearchTest</td>
<td></td>
<td>17</td>
<td>automationFramework.TestCases.TokenSearchTest@25af5db5</td></tr>
<tr>
<td title='automationFramework.TestCases.TokenSearchTest.searchTokenInvalidMonth()'><b>searchTokenInvalidMonth</b><br>Test class: automationFramework.TestCases.TokenSearchTest</td>
<td></td>
<td>7</td>
<td>automationFramework.TestCases.TokenSearchTest@25af5db5</td></tr>
<tr>
<td title='automationFramework.TestCases.TokenSearchTest.searchTokenInvalidTokenNewSearch()'><b>searchTokenInvalidTokenNewSearch</b><br>Test class: automationFramework.TestCases.TokenSearchTest</td>
<td></td>
<td>9</td>
<td>automationFramework.TestCases.TokenSearchTest@25af5db5</td></tr>
<tr>
<td title='automationFramework.TestCases.TokenSearchTest.searchTokenInvalidTokenSearch()'><b>searchTokenInvalidTokenSearch</b><br>Test class: automationFramework.TestCases.TokenSearchTest</td>
<td></td>
<td>8</td>
<td>automationFramework.TestCases.TokenSearchTest@25af5db5</td></tr>
<tr>
<td title='automationFramework.TestCases.TokenSearchTest.searchTokenInvalidYear()'><b>searchTokenInvalidYear</b><br>Test class: automationFramework.TestCases.TokenSearchTest</td>
<td></td>
<td>9</td>
<td>automationFramework.TestCases.TokenSearchTest@25af5db5</td></tr>
<tr>
<td title='automationFramework.TestCases.TokenSearchTest.searchTokenMissingBankCard()'><b>searchTokenMissingBankCard</b><br>Test class: automationFramework.TestCases.TokenSearchTest</td>
<td></td>
<td>6</td>
<td>automationFramework.TestCases.TokenSearchTest@25af5db5</td></tr>
<tr>
<td title='automationFramework.TestCases.TokenSearchTest.searchTokenNewSearch()'><b>searchTokenNewSearch</b><br>Test class: automationFramework.TestCases.TokenSearchTest</td>
<td></td>
<td>7</td>
<td>automationFramework.TestCases.TokenSearchTest@25af5db5</td></tr>
<tr>
<td title='automationFramework.TestCases.TokenSearchTest.searchTokenNoRecordFound()'><b>searchTokenNoRecordFound</b><br>Test class: automationFramework.TestCases.TokenSearchTest</td>
<td></td>
<td>7</td>
<td>automationFramework.TestCases.TokenSearchTest@25af5db5</td></tr>
<tr>
<td title='automationFramework.TestCases.TokenSearchTest.searchTokenNoRecordFoundNewSearch()'><b>searchTokenNoRecordFoundNewSearch</b><br>Test class: automationFramework.TestCases.TokenSearchTest</td>
<td></td>
<td>7</td>
<td>automationFramework.TestCases.TokenSearchTest@25af5db5</td></tr>
<tr>
<td title='automationFramework.TestCases.TokenSearchTest.searchTokenVerification()'><b>searchTokenVerification</b><br>Test class: automationFramework.TestCases.TokenSearchTest</td>
<td></td>
<td>14</td>
<td>automationFramework.TestCases.TokenSearchTest@25af5db5</td></tr>
<tr>
<td title='automationFramework.TestCases.TokenSearchTest.searchUnregistredCustomer()'><b>searchUnregistredCustomer</b><br>Test class: automationFramework.TestCases.TokenSearchTest</td>
<td></td>
<td>16</td>
<td>automationFramework.TestCases.TokenSearchTest@25af5db5</td></tr>
<tr>
<td title='automationFramework.TestCases.TokenSearchTest.tokenSearchAuthenticationError()'><b>tokenSearchAuthenticationError</b><br>Test class: automationFramework.TestCases.TokenSearchTest</td>
<td></td>
<td>6</td>
<td>automationFramework.TestCases.TokenSearchTest@25af5db5</td></tr>
<tr>
<td title='automationFramework.TestCases.TokenSearchTest.tokenSearchWithSpace()'><b>tokenSearchWithSpace</b><br>Test class: automationFramework.TestCases.TokenSearchTest</td>
<td></td>
<td>39</td>
<td>automationFramework.TestCases.TokenSearchTest@25af5db5</td></tr>
<tr>
<td title='automationFramework.TestCases.TokenSearchAPITest.tokenVerificationLinkAccount()'><b>tokenVerificationLinkAccount</b><br>Test class: automationFramework.TestCases.TokenSearchAPITest</td>
<td></td>
<td>14</td>
<td>automationFramework.TestCases.TokenSearchAPITest@670b40af</td></tr>
<tr>
<td title='automationFramework.TestCases.TokenSearchAPITest.tokenVerificationLinkAccountNewSearch()'><b>tokenVerificationLinkAccountNewSearch</b><br>Test class: automationFramework.TestCases.TokenSearchAPITest</td>
<td></td>
<td>20</td>
<td>automationFramework.TestCases.TokenSearchAPITest@670b40af</td></tr>
<tr>
<td title='automationFramework.TestCases.UpdateAddressTest.updateAddressCancel()'><b>updateAddressCancel</b><br>Test class: automationFramework.TestCases.UpdateAddressTest</td>
<td></td>
<td>16</td>
<td>automationFramework.TestCases.UpdateAddressTest@7a9273a8</td></tr>
<tr>
<td title='automationFramework.TestCases.UpdateContactTest.updateContactAndAddress()'><b>updateContactAndAddress</b><br>Test class: automationFramework.TestCases.UpdateContactTest</td>
<td></td>
<td>19</td>
<td>automationFramework.TestCases.UpdateContactTest@5f3a4b84</td></tr>
<tr>
<td title='automationFramework.TestCases.UpdateContactTest.updateContactAndAddressCancel()'><b>updateContactAndAddressCancel</b><br>Test class: automationFramework.TestCases.UpdateContactTest</td>
<td></td>
<td>15</td>
<td>automationFramework.TestCases.UpdateContactTest@5f3a4b84</td></tr>
<tr>
<td title='automationFramework.TestCases.UpdateContactTest.updateContactCheckRequiredFields()'><b>updateContactCheckRequiredFields</b><br>Test class: automationFramework.TestCases.UpdateContactTest</td>
<td></td>
<td>10</td>
<td>automationFramework.TestCases.UpdateContactTest@5f3a4b84</td></tr>
<tr>
<td title='automationFramework.TestCases.UpdateContactTest.updateContactInvalidEmail()'><b>updateContactInvalidEmail</b><br>Test class: automationFramework.TestCases.UpdateContactTest</td>
<td></td>
<td>9</td>
<td>automationFramework.TestCases.UpdateContactTest@5f3a4b84</td></tr>
<tr>
<td title='automationFramework.TestCases.UpdateContactTest.updateContactInvalidPin()'><b>updateContactInvalidPin</b><br>Test class: automationFramework.TestCases.UpdateContactTest</td>
<td></td>
<td>10</td>
<td>automationFramework.TestCases.UpdateContactTest@5f3a4b84</td></tr>
<tr>
<td title='automationFramework.TestCases.UpdateContactTest.updateContactInvalidUserName()'><b>updateContactInvalidUserName</b><br>Test class: automationFramework.TestCases.UpdateContactTest</td>
<td></td>
<td>9</td>
<td>automationFramework.TestCases.UpdateContactTest@5f3a4b84</td></tr>
<tr>
<td title='automationFramework.TestCases.UpdateContactTest.updateContactOtherPhonesMissing()'><b>updateContactOtherPhonesMissing</b><br>Test class: automationFramework.TestCases.UpdateContactTest</td>
<td></td>
<td>10</td>
<td>automationFramework.TestCases.UpdateContactTest@5f3a4b84</td></tr>
<tr>
<td title='automationFramework.TestCases.UpdateContactTest.updateContactSecurityAnswermissing()'><b>updateContactSecurityAnswermissing</b><br>Test class: automationFramework.TestCases.UpdateContactTest</td>
<td></td>
<td>9</td>
<td>automationFramework.TestCases.UpdateContactTest@5f3a4b84</td></tr>
<tr>
<td title='automationFramework.TestCases.UpdateFundingTest.updateNonPrimaryFundingCancelTest()'><b>updateNonPrimaryFundingCancelTest</b><br>Test class: automationFramework.TestCases.UpdateFundingTest</td>
<td></td>
<td>26</td>
<td>automationFramework.TestCases.UpdateFundingTest@77ec78b9</td></tr>
<tr>
<td title='automationFramework.TestCases.UpdateFundingTest.updateNonPrimaryFundingTest()'><b>updateNonPrimaryFundingTest</b><br>Test class: automationFramework.TestCases.UpdateFundingTest</td>
<td></td>
<td>31</td>
<td>automationFramework.TestCases.UpdateFundingTest@77ec78b9</td></tr>
<tr>
<td title='automationFramework.TestCases.UpdateFundingTest.updatePrimaryFundingCancelTest()'><b>updatePrimaryFundingCancelTest</b><br>Test class: automationFramework.TestCases.UpdateFundingTest</td>
<td></td>
<td>17</td>
<td>automationFramework.TestCases.UpdateFundingTest@77ec78b9</td></tr>
<tr>
<td title='automationFramework.TestCases.UpdateFundingTest.updatePrimaryFundingTest()'><b>updatePrimaryFundingTest</b><br>Test class: automationFramework.TestCases.UpdateFundingTest</td>
<td></td>
<td>21</td>
<td>automationFramework.TestCases.UpdateFundingTest@77ec78b9</td></tr>
<tr>
<td title='automationFramework.TestCases.BalanceHistoryTest.viewBalanceHistoryDetailsRegisteredDynamic()'><b>viewBalanceHistoryDetailsRegisteredDynamic</b><br>Test class: automationFramework.TestCases.BalanceHistoryTest</td>
<td></td>
<td>81</td>
<td>automationFramework.TestCases.BalanceHistoryTest@4923ab24</td></tr>
<tr>
<td title='automationFramework.TestCases.BalanceHistoryTest.viewBalanceHistoryRegisteredDynamic()'><b>viewBalanceHistoryRegisteredDynamic</b><br>Test class: automationFramework.TestCases.BalanceHistoryTest</td>
<td></td>
<td>75</td>
<td>automationFramework.TestCases.BalanceHistoryTest@4923ab24</td></tr>
<tr>
<td title='automationFramework.TestCases.BalanceHistoryTest.viewBalanceHistoryUnregisteredDynamic()'><b>viewBalanceHistoryUnregisteredDynamic</b><br>Test class: automationFramework.TestCases.BalanceHistoryTest</td>
<td></td>
<td>176</td>
<td>automationFramework.TestCases.BalanceHistoryTest@4923ab24</td></tr>
<tr>
<td title='automationFramework.TestCases.TokenSearchTest.viewRegistredCustomerSubsystemPage()'><b>viewRegistredCustomerSubsystemPage</b><br>Test class: automationFramework.TestCases.TokenSearchTest</td>
<td></td>
<td>45</td>
<td>automationFramework.TestCases.TokenSearchTest@25af5db5</td></tr>
</table><p>
</body>
</html>