<?xml version="1.0" encoding="UTF-8"?>
<!-- Generated by org.testng.reporters.JUnitXMLReporter -->
<testsuite hostname="NACTS-081729" name="ChromeTest" tests="132" failures="27" timestamp="27 Apr 2017 18:41:57 GMT" time="7507.286" errors="0">
  <testcase name="viewBalanceHistoryDetailsRegisteredDynamic" time="81.171" classname="automationFramework.TestCases.BalanceHistoryTest"/>
  <testcase name="viewBalanceHistoryFilterTest" time="120.98" classname="automationFramework.TestCases.BalanceHistoryTest">
    <failure type="org.openqa.selenium.NoSuchElementException" message="no such element: Unable to locate element: {&amp;quot;method&amp;quot;:&amp;quot;xpath&amp;quot;,&amp;quot;selector&amp;quot;:&amp;quot;//*[@id=&amp;apos;balanceHistory_list_tbl&amp;apos;]/div/div/table/tbody/tr/td[3]/span&amp;quot;}
  (Session info: chrome=57.0.2987.133)
  (Driver info: chromedriver=2.28.455520 (cc17746adff54984afff480136733114c6b3704b),platform=Windows NT 6.1.7601 SP1 x86_64) (WARNING: The server did not provide any stacktrace information)
Command duration or timeout: 60.10 seconds
For documentation on this error, please visit: http://seleniumhq.org/exceptions/no_such_element.html
Build info: version: &amp;apos;3.0.1&amp;apos;, revision: &amp;apos;1969d75&amp;apos;, time: &amp;apos;2016-10-18 09:49:13 -0700&amp;apos;
System info: host: &amp;apos;NACTS-081729&amp;apos;, ip: &amp;apos;149.63.89.30&amp;apos;, os.name: &amp;apos;Windows 7&amp;apos;, os.arch: &amp;apos;amd64&amp;apos;, os.version: &amp;apos;6.1&amp;apos;, java.version: &amp;apos;1.8.0_77&amp;apos;
Driver info: org.openqa.selenium.chrome.ChromeDriver
Capabilities [{applicationCacheEnabled=false, rotatable=false, mobileEmulationEnabled=false, networkConnectionEnabled=false, chrome={chromedriverVersion=2.28.455520 (cc17746adff54984afff480136733114c6b3704b), userDataDir=C:\Users\200123\AppData\Local\Temp\scoped_dir34392_5187}, takesHeapSnapshot=true, pageLoadStrategy=normal, databaseEnabled=false, handlesAlerts=true, hasTouchScreen=false, version=57.0.2987.133, platform=XP, browserConnectionEnabled=false, nativeEvents=true, acceptSslCerts=true, locationContextEnabled=true, webStorageEnabled=true, browserName=chrome, takesScreenshot=true, javascriptEnabled=true, cssSelectorsEnabled=true, unexpectedAlertBehaviour=}]
Session ID: 3195774d3fd93453fe43598f510b513c
*** Element info: {Using=xpath, value=//*[@id=&amp;apos;balanceHistory_list_tbl&amp;apos;]/div/div/table/tbody/tr/td[3]/span}">
      <![CDATA[org.openqa.selenium.NoSuchElementException: no such element: Unable to locate element: {"method":"xpath","selector":"//*[@id='balanceHistory_list_tbl']/div/div/table/tbody/tr/td[3]/span"}
  (Session info: chrome=57.0.2987.133)
  (Driver info: chromedriver=2.28.455520 (cc17746adff54984afff480136733114c6b3704b),platform=Windows NT 6.1.7601 SP1 x86_64) (WARNING: The server did not provide any stacktrace information)
Command duration or timeout: 60.10 seconds
For documentation on this error, please visit: http://seleniumhq.org/exceptions/no_such_element.html
Build info: version: '3.0.1', revision: '1969d75', time: '2016-10-18 09:49:13 -0700'
System info: host: 'NACTS-081729', ip: '149.63.89.30', os.name: 'Windows 7', os.arch: 'amd64', os.version: '6.1', java.version: '1.8.0_77'
Driver info: org.openqa.selenium.chrome.ChromeDriver
Capabilities [{applicationCacheEnabled=false, rotatable=false, mobileEmulationEnabled=false, networkConnectionEnabled=false, chrome={chromedriverVersion=2.28.455520 (cc17746adff54984afff480136733114c6b3704b), userDataDir=C:\Users\200123\AppData\Local\Temp\scoped_dir34392_5187}, takesHeapSnapshot=true, pageLoadStrategy=normal, databaseEnabled=false, handlesAlerts=true, hasTouchScreen=false, version=57.0.2987.133, platform=XP, browserConnectionEnabled=false, nativeEvents=true, acceptSslCerts=true, locationContextEnabled=true, webStorageEnabled=true, browserName=chrome, takesScreenshot=true, javascriptEnabled=true, cssSelectorsEnabled=true, unexpectedAlertBehaviour=}]
Session ID: 3195774d3fd93453fe43598f510b513c
*** Element info: {Using=xpath, value=//*[@id='balanceHistory_list_tbl']/div/div/table/tbody/tr/td[3]/span}
	at org.openqa.selenium.remote.ErrorHandler.createThrowable(ErrorHandler.java:216)
	at org.openqa.selenium.remote.ErrorHandler.throwIfResponseFailed(ErrorHandler.java:168)
	at org.openqa.selenium.remote.RemoteWebDriver.execute(RemoteWebDriver.java:635)
	at org.openqa.selenium.remote.RemoteWebDriver.findElement(RemoteWebDriver.java:368)
	at org.openqa.selenium.remote.RemoteWebDriver.findElementByXPath(RemoteWebDriver.java:473)
	at org.openqa.selenium.By$ByXPath.findElement(By.java:361)
	at org.openqa.selenium.remote.RemoteWebDriver.findElement(RemoteWebDriver.java:360)
	at automationFramework.PageObjects.BalanceHistoryPage.getPurse(BalanceHistoryPage.java:45)
	at automationFramework.TestCases.BalanceHistoryTest.viewBalanceHistoryFilterTest(BalanceHistoryTest.java:135)
... Removed 28 stack frames]]>
    </failure>
  </testcase> <!-- viewBalanceHistoryFilterTest -->
  <testcase name="viewBalanceHistoryRegisteredDynamic" time="75.583" classname="automationFramework.TestCases.BalanceHistoryTest"/>
  <testcase name="viewBalanceHistoryUnregisteredDynamic" time="176.146" classname="automationFramework.TestCases.BalanceHistoryTest"/>
  <testcase name="createNewCustomerApi" time="9.125" classname="automationFramework.TestCases.CreateCustomerAPITest">
    <failure type="java.lang.AssertionError" message="expected [4033311371] but found [4033311371,undefined,undefined]">
      <![CDATA[java.lang.AssertionError: expected [4033311371] but found [4033311371,undefined,undefined]
	at automationFramework.TestCases.CreateCustomerAPITest.createNewCustomerApi(CreateCustomerAPITest.java:73)
... Removed 29 stack frames]]>
    </failure>
  </testcase> <!-- createNewCustomerApi -->
  <testcase name="createNewCustomerDBCheckContactTable" time="16.507" classname="automationFramework.TestCases.CreateCustomerDBTest"/>
  <testcase name="createNewCustomerDBCheckAccountTable" time="14.089" classname="automationFramework.TestCases.CreateCustomerDBTest"/>
  <testcase name="createNewCustomerDBCheckAddressTable" time="13.943" classname="automationFramework.TestCases.CreateCustomerDBTest"/>
  <testcase name="createNewCustomerDBCheckSecurityTable" time="13.938" classname="automationFramework.TestCases.CreateCustomerDBTest"/>
  <testcase name="createNewCustomerDBCheckPhoneTable" time="13.802" classname="automationFramework.TestCases.CreateCustomerDBTest"/>
  <testcase name="createNewCustomerCancelDBCheck" time="9.17" classname="automationFramework.TestCases.CreateCustomerDBTest"/>
  <testcase name="createNewCustomer" time="15.503" classname="automationFramework.TestCases.CreateCustomerTest">
    <failure type="java.lang.AssertionError" message="expected [7511171754] but found [7511171754,undefined,undefined]">
      <![CDATA[java.lang.AssertionError: expected [7511171754] but found [7511171754,undefined,undefined]
	at automationFramework.TestCases.CreateCustomerTest.createNewCustomer(CreateCustomerTest.java:62)
... Removed 29 stack frames]]>
    </failure>
  </testcase> <!-- createNewCustomer -->
  <testcase name="createCustomerCancel" time="10.322" classname="automationFramework.TestCases.CreateCustomerTest"/>
  <testcase name="createCustomerContactTypeNotSelected" time="10.574" classname="automationFramework.TestCases.CreateCustomerTest"/>
  <testcase name="createCustomerInvalidEmail" time="12.49" classname="automationFramework.TestCases.CreateCustomerTest"/>
  <testcase name="createCustomerInvalidPin" time="12.711" classname="automationFramework.TestCases.CreateCustomerTest"/>
  <testcase name="createCustomerInvalidUserName" time="11.554" classname="automationFramework.TestCases.CreateCustomerTest"/>
  <testcase name="createCustomerDuplicateUserName" time="23.634" classname="automationFramework.TestCases.CreateCustomerTest"/>
  <testcase name="createCustomerInvalidPhone" time="7.656" classname="automationFramework.TestCases.CreateCustomerTest"/>
  <testcase name="createCustomerNameMissing" time="7.378" classname="automationFramework.TestCases.CreateCustomerTest"/>
  <testcase name="createCustomerEmailMissing" time="7.578" classname="automationFramework.TestCases.CreateCustomerTest"/>
  <testcase name="createCustomerInvalidPin2" time="13.738" classname="automationFramework.TestCases.CreateCustomerTest"/>
  <testcase name="createCustomerPostalCodeMissing" time="13.141" classname="automationFramework.TestCases.CreateCustomerTest"/>
  <testcase name="createNewCustomerGmailPlus" time="17.369" classname="automationFramework.TestCases.CreateCustomerTest">
    <failure type="java.lang.AssertionError" message="expected [7033322717] but found [7033322717,undefined,undefined]">
      <![CDATA[java.lang.AssertionError: expected [7033322717] but found [7033322717,undefined,undefined]
	at automationFramework.TestCases.CreateCustomerTest.createNewCustomerGmailPlus(CreateCustomerTest.java:357)
... Removed 29 stack frames]]>
    </failure>
  </testcase> <!-- createNewCustomerGmailPlus -->
  <testcase name="createFundingSource" time="17.641" classname="automationFramework.TestCases.CreateFundingTest"/>
  <testcase name="createFundingSourceNewBillingAddress" time="19.214" classname="automationFramework.TestCases.CreateFundingTest"/>
  <testcase name="createFundingSourceCancel" time="73.694" classname="automationFramework.TestCases.CreateFundingTest"/>
  <testcase name="createFundingSourceTypeNotSelected" time="14.229" classname="automationFramework.TestCases.CreateFundingTest"/>
  <testcase name="createCustomerInvalidEmail" time="12.787" classname="automationFramework.TestCases.CreateFundingTest"/>
  <testcase name="createCustomerFundingInvalidCC" time="25.788" classname="automationFramework.TestCases.CreateFundingTest"/>
  <testcase name="createCustomerFundingInvalidName" time="18.872" classname="automationFramework.TestCases.CreateFundingTest"/>
  <testcase name="createFundingSourceInvalidPanTooLong" time="15.138" classname="automationFramework.TestCases.CreateFundingTest"/>
  <testcase name="createFundingSourceInvalidCCType" time="14.163" classname="automationFramework.TestCases.CreateFundingTest"/>
  <testcase name="createFundingSourceInvalidExpirationDate" time="15.87" classname="automationFramework.TestCases.CreateFundingTest"/>
  <testcase name="createFundingSourceTwoCards" time="28.031" classname="automationFramework.TestCases.CreateFundingTest"/>
  <testcase name="createFundingSourceChangePrimaryCard" time="23.858" classname="automationFramework.TestCases.CreateFundingTest"/>
  <testcase name="createFundingSourceChangePrimaryCardCancel" time="25.589" classname="automationFramework.TestCases.CreateFundingTest"/>
  <testcase name="createOrderDBcheck" time="29.405" classname="automationFramework.TestCases.CreateOrderDBTest"/>
  <testcase name="createOrderCancelDBcheck" time="20.525" classname="automationFramework.TestCases.CreateOrderDBTest"/>
  <testcase name="createOrderSubmit" time="25.716" classname="automationFramework.TestCases.CreateOrderTest"/>
  <testcase name="createOrderExpiredCard" time="16.738" classname="automationFramework.TestCases.CreateOrderTest"/>
  <testcase name="createOrderCancel" time="15.993" classname="automationFramework.TestCases.CreateOrderTest"/>
  <testcase name="createOrderNewFundingSource" time="26.73" classname="automationFramework.TestCases.CreateOrderTest"/>
  <testcase name="registerNewCustomerNoRecordFound" time="49.059" classname="automationFramework.TestCases.CreateUnregistredCustomerTest">
    <failure type="java.lang.AssertionError" message="expected [5472646174] but found [5472646174,undefined,undefined]">
      <![CDATA[java.lang.AssertionError: expected [5472646174] but found [5472646174,undefined,undefined]
	at automationFramework.TestCases.CreateUnregistredCustomerTest.verifyNewCustomerCreation(CreateUnregistredCustomerTest.java:185)
	at automationFramework.TestCases.CreateUnregistredCustomerTest.registerNewCustomerNoRecordFound(CreateUnregistredCustomerTest.java:63)
... Removed 29 stack frames]]>
    </failure>
  </testcase> <!-- registerNewCustomerNoRecordFound -->
  <testcase name="registerNewCustomerTranistTokenFound" time="53.259" classname="automationFramework.TestCases.CreateUnregistredCustomerTest">
    <failure type="java.lang.AssertionError" message="expected [6610372263] but found [6610372263,undefined,undefined]">
      <![CDATA[java.lang.AssertionError: expected [6610372263] but found [6610372263,undefined,undefined]
	at automationFramework.TestCases.CreateUnregistredCustomerTest.verifyNewCustomerCreation(CreateUnregistredCustomerTest.java:185)
	at automationFramework.TestCases.CreateUnregistredCustomerTest.registerNewCustomerTranistTokenFound(CreateUnregistredCustomerTest.java:104)
... Removed 29 stack frames]]>
    </failure>
  </testcase> <!-- registerNewCustomerTranistTokenFound -->
  <testcase name="registerNewCustomerInvalidToken" time="19.883" classname="automationFramework.TestCases.CreateUnregistredCustomerTest">
    <failure type="java.lang.AssertionError" message="expected [7766141175] but found [7766141175,undefined,undefined]">
      <![CDATA[java.lang.AssertionError: expected [7766141175] but found [7766141175,undefined,undefined]
	at automationFramework.TestCases.CreateUnregistredCustomerTest.verifyNewCustomerCreation(CreateUnregistredCustomerTest.java:185)
	at automationFramework.TestCases.CreateUnregistredCustomerTest.registerNewCustomerInvalidToken(CreateUnregistredCustomerTest.java:130)
... Removed 29 stack frames]]>
    </failure>
  </testcase> <!-- registerNewCustomerInvalidToken -->
  <testcase name="registerNewCustomerSubysystemPage" time="128.442" classname="automationFramework.TestCases.CreateUnregistredCustomerTest">
    <failure type="org.openqa.selenium.NoSuchElementException" message="no such element: Unable to locate element: {&amp;quot;method&amp;quot;:&amp;quot;xpath&amp;quot;,&amp;quot;selector&amp;quot;:&amp;quot;//*[@id=&amp;apos;customerContacts_list_tbl&amp;apos;]/div/div[1]/table/tbody/tr/td[1]&amp;quot;}
  (Session info: chrome=57.0.2987.133)
  (Driver info: chromedriver=2.28.455520 (cc17746adff54984afff480136733114c6b3704b),platform=Windows NT 6.1.7601 SP1 x86_64) (WARNING: The server did not provide any stacktrace information)
Command duration or timeout: 60.04 seconds
For documentation on this error, please visit: http://seleniumhq.org/exceptions/no_such_element.html
Build info: version: &amp;apos;3.0.1&amp;apos;, revision: &amp;apos;1969d75&amp;apos;, time: &amp;apos;2016-10-18 09:49:13 -0700&amp;apos;
System info: host: &amp;apos;NACTS-081729&amp;apos;, ip: &amp;apos;149.63.89.30&amp;apos;, os.name: &amp;apos;Windows 7&amp;apos;, os.arch: &amp;apos;amd64&amp;apos;, os.version: &amp;apos;6.1&amp;apos;, java.version: &amp;apos;1.8.0_77&amp;apos;
Driver info: org.openqa.selenium.chrome.ChromeDriver
Capabilities [{applicationCacheEnabled=false, rotatable=false, mobileEmulationEnabled=false, networkConnectionEnabled=false, chrome={chromedriverVersion=2.28.455520 (cc17746adff54984afff480136733114c6b3704b), userDataDir=C:\Users\200123\AppData\Local\Temp\scoped_dir27888_5689}, takesHeapSnapshot=true, pageLoadStrategy=normal, databaseEnabled=false, handlesAlerts=true, hasTouchScreen=false, version=57.0.2987.133, platform=XP, browserConnectionEnabled=false, nativeEvents=true, acceptSslCerts=true, locationContextEnabled=true, webStorageEnabled=true, browserName=chrome, takesScreenshot=true, javascriptEnabled=true, cssSelectorsEnabled=true, unexpectedAlertBehaviour=}]
Session ID: 2fa1f30e6b9e5096f2dfa29a47eb9626
*** Element info: {Using=xpath, value=//*[@id=&amp;apos;customerContacts_list_tbl&amp;apos;]/div/div[1]/table/tbody/tr/td[1]}">
      <![CDATA[org.openqa.selenium.NoSuchElementException: no such element: Unable to locate element: {"method":"xpath","selector":"//*[@id='customerContacts_list_tbl']/div/div[1]/table/tbody/tr/td[1]"}
  (Session info: chrome=57.0.2987.133)
  (Driver info: chromedriver=2.28.455520 (cc17746adff54984afff480136733114c6b3704b),platform=Windows NT 6.1.7601 SP1 x86_64) (WARNING: The server did not provide any stacktrace information)
Command duration or timeout: 60.04 seconds
For documentation on this error, please visit: http://seleniumhq.org/exceptions/no_such_element.html
Build info: version: '3.0.1', revision: '1969d75', time: '2016-10-18 09:49:13 -0700'
System info: host: 'NACTS-081729', ip: '149.63.89.30', os.name: 'Windows 7', os.arch: 'amd64', os.version: '6.1', java.version: '1.8.0_77'
Driver info: org.openqa.selenium.chrome.ChromeDriver
Capabilities [{applicationCacheEnabled=false, rotatable=false, mobileEmulationEnabled=false, networkConnectionEnabled=false, chrome={chromedriverVersion=2.28.455520 (cc17746adff54984afff480136733114c6b3704b), userDataDir=C:\Users\200123\AppData\Local\Temp\scoped_dir27888_5689}, takesHeapSnapshot=true, pageLoadStrategy=normal, databaseEnabled=false, handlesAlerts=true, hasTouchScreen=false, version=57.0.2987.133, platform=XP, browserConnectionEnabled=false, nativeEvents=true, acceptSslCerts=true, locationContextEnabled=true, webStorageEnabled=true, browserName=chrome, takesScreenshot=true, javascriptEnabled=true, cssSelectorsEnabled=true, unexpectedAlertBehaviour=}]
Session ID: 2fa1f30e6b9e5096f2dfa29a47eb9626
*** Element info: {Using=xpath, value=//*[@id='customerContacts_list_tbl']/div/div[1]/table/tbody/tr/td[1]}
	at org.openqa.selenium.remote.ErrorHandler.createThrowable(ErrorHandler.java:216)
	at org.openqa.selenium.remote.ErrorHandler.throwIfResponseFailed(ErrorHandler.java:168)
	at org.openqa.selenium.remote.RemoteWebDriver.execute(RemoteWebDriver.java:635)
	at org.openqa.selenium.remote.RemoteWebDriver.findElement(RemoteWebDriver.java:368)
	at org.openqa.selenium.remote.RemoteWebDriver.findElementByXPath(RemoteWebDriver.java:473)
	at org.openqa.selenium.By$ByXPath.findElement(By.java:361)
	at org.openqa.selenium.remote.RemoteWebDriver.findElement(RemoteWebDriver.java:360)
	at automationFramework.PageObjects.NewCustomerDisplayPage.getFname(NewCustomerDisplayPage.java:35)
	at automationFramework.TestCases.CreateUnregistredCustomerTest.verifyNewCustomerCreation(CreateUnregistredCustomerTest.java:179)
	at automationFramework.TestCases.CreateUnregistredCustomerTest.registerNewCustomerSubysystemPage(CreateUnregistredCustomerTest.java:168)
... Removed 28 stack frames]]>
    </failure>
  </testcase> <!-- registerNewCustomerSubysystemPage -->
  <testcase name="deleteFundingSource" time="15.473" classname="automationFramework.TestCases.DeleteFundingTest"/>
  <testcase name="deleteFundingSourceClose" time="15.966" classname="automationFramework.TestCases.DeleteFundingTest"/>
  <testcase name="deleteFundingSourceCancel" time="16.486" classname="automationFramework.TestCases.DeleteFundingTest"/>
  <testcase name="checkEmailNewCustomer" time="75.476" classname="automationFramework.TestCases.EmailTest"/>
  <testcase name="checkEmailCreateOrder" time="322.661" classname="automationFramework.TestCases.EmailTest"/>
  <testcase name="checkEmailLinkAccount" time="211.567" classname="automationFramework.TestCases.EmailTest"/>
  <testcase name="checkEmailUpdateContact" time="20.774" classname="automationFramework.TestCases.EmailTest">
    <failure type="java.lang.AssertionError" message="expected [indy] but found [robert]">
      <![CDATA[java.lang.AssertionError: expected [indy] but found [robert]
	at automationFramework.TestCases.CoreTest.updateContact(CoreTest.java:104)
	at automationFramework.TestCases.EmailTest.checkEmailUpdateContact(EmailTest.java:167)
... Removed 29 stack frames]]>
    </failure>
  </testcase> <!-- checkEmailUpdateContact -->
  <testcase name="checkEmailResetPassword" time="828.066" classname="automationFramework.TestCases.EmailTest">
    <failure type="java.lang.AssertionError" message="Password Reset Verification Email Test Failed expected [true] but found [false]">
      <![CDATA[java.lang.AssertionError: Password Reset Verification Email Test Failed expected [true] but found [false]
	at automationFramework.TestCases.EmailTest.checkEmailResetPassword(EmailTest.java:198)
... Removed 27 stack frames]]>
    </failure>
  </testcase> <!-- checkEmailResetPassword -->
  <testcase name="checkEmailDeleteFunding" time="20.833" classname="automationFramework.TestCases.EmailTest">
    <failure type="java.lang.AssertionError" message="Customer Funding Source Update Email Test Failed expected [true] but found [false]">
      <![CDATA[java.lang.AssertionError: Customer Funding Source Update Email Test Failed expected [true] but found [false]
	at automationFramework.TestCases.EmailTest.checkEmailDeleteFunding(EmailTest.java:227)
... Removed 27 stack frames]]>
    </failure>
  </testcase> <!-- checkEmailDeleteFunding -->
  <testcase name="linkAccountTest" time="262.063" classname="automationFramework.TestCases.LinkAccountAPITest"/>
  <testcase name="linkAccountAlreadyLinkedTest" time="268.96" classname="automationFramework.TestCases.LinkAccountAPITest"/>
  <testcase name="linkAccountFailureTest" time="18.52" classname="automationFramework.TestCases.LinkAccountAPITest"/>
  <testcase name="linkAccountCancelTest" time="12.025" classname="automationFramework.TestCases.LinkAccountAPITest"/>
  <testcase name="linkAccountCardExpirationMissingTest" time="17.517" classname="automationFramework.TestCases.LinkAccountAPITest"/>
  <testcase name="linkAccountBankAccountMissingTest" time="16.326" classname="automationFramework.TestCases.LinkAccountAPITest"/>
  <testcase name="linkAccountMessageTest" time="300.342" classname="automationFramework.TestCases.LinkAccountAPITest"/>
  <testcase name="createLinkAccountDBcheck" time="302.38" classname="automationFramework.TestCases.LinkAccountDBTest"/>
  <testcase name="createLinkAccountCancellDBcheck" time="310.932" classname="automationFramework.TestCases.LinkAccountDBTest"/>
  <testcase name="linkAccountTest" time="254.231" classname="automationFramework.TestCases.LinkAccountTest"/>
  <testcase name="linkAccountAlreadyLinkedTest" time="260.381" classname="automationFramework.TestCases.LinkAccountTest"/>
  <testcase name="linkAccountFailureTest" time="16.992" classname="automationFramework.TestCases.LinkAccountTest"/>
  <testcase name="linkAccountCancelTest" time="16.977" classname="automationFramework.TestCases.LinkAccountTest"/>
  <testcase name="linkAccountCardExpirationMissingTest" time="10.657" classname="automationFramework.TestCases.LinkAccountTest"/>
  <testcase name="linkAccountBankAccountMissingTest" time="9.577" classname="automationFramework.TestCases.LinkAccountTest"/>
  <testcase name="linkAccountMessageTest" time="308.314" classname="automationFramework.TestCases.LinkAccountTest"/>
  <testcase name="resetPassword" time="9.858" classname="automationFramework.TestCases.ResetPasswordTest"/>
  <testcase name="resetPasswordCancel" time="9.79" classname="automationFramework.TestCases.ResetPasswordTest"/>
  <testcase name="resetPasswordClose" time="10.135" classname="automationFramework.TestCases.ResetPasswordTest"/>
  <testcase name="searchCustomerVerifiedTest" time="7.408" classname="automationFramework.TestCases.SearchTest">
    <failure type="java.lang.AssertionError" message="expected [4033311371] but found [4033311371,undefined,undefined]">
      <![CDATA[java.lang.AssertionError: expected [4033311371] but found [4033311371,undefined,undefined]
	at automationFramework.TestCases.SearchTest.searchCustomerVerifiedTest(SearchTest.java:76)
... Removed 29 stack frames]]>
    </failure>
  </testcase> <!-- searchCustomerVerifiedTest -->
  <testcase name="searchCustomerNotVerifiedTest" time="8.316" classname="automationFramework.TestCases.SearchTest"/>
  <testcase name="searchCustomerNoResultsTest" time="7.559" classname="automationFramework.TestCases.SearchTest"/>
  <testcase name="searchCustomerTypeNotSelected" time="6.312" classname="automationFramework.TestCases.SearchTest"/>
  <testcase name="searchCustomerInvalidEmail" time="7.04" classname="automationFramework.TestCases.SearchTest"/>
  <testcase name="searchCustomerCheckDuplicateTestFname" time="7.708" classname="automationFramework.TestCases.SearchTest">
    <failure type="java.lang.AssertionError" message="expected [robert] but found [Robert]">
      <![CDATA[java.lang.AssertionError: expected [robert] but found [Robert]
	at automationFramework.TestCases.SearchTest.searchCustomerCheckDuplicateTestFname(SearchTest.java:176)
... Removed 29 stack frames]]>
    </failure>
  </testcase> <!-- searchCustomerCheckDuplicateTestFname -->
  <testcase name="searchCustomerCheckDuplicateTestLname" time="6.879" classname="automationFramework.TestCases.SearchTest"/>
  <testcase name="searchCustomerCheckDuplicateTestFnameLname" time="7.565" classname="automationFramework.TestCases.SearchTest2"/>
  <testcase name="searchCustomerCheckDuplicateTestPhone" time="17.671" classname="automationFramework.TestCases.SearchTest2">
    <failure type="java.lang.AssertionError" message="expected [4166254367] but found [4166254367,undefined,undefined]">
      <![CDATA[java.lang.AssertionError: expected [4166254367] but found [4166254367,undefined,undefined]
	at automationFramework.TestCases.SearchTest2.searchCustomerCheckDuplicateTestPhone(SearchTest2.java:76)
... Removed 29 stack frames]]>
    </failure>
  </testcase> <!-- searchCustomerCheckDuplicateTestPhone -->
  <testcase name="searchCustomerCheckDuplicateTestEmail" time="7.826" classname="automationFramework.TestCases.SearchTest2"/>
  <testcase name="searchCustomerCheckDuplicateTestEmailPhone" time="8.359" classname="automationFramework.TestCases.SearchTest2">
    <failure type="java.lang.AssertionError" message="expected [4166254367] but found [4166254367,undefined,undefined]">
      <![CDATA[java.lang.AssertionError: expected [4166254367] but found [4166254367,undefined,undefined]
	at automationFramework.TestCases.SearchTest2.searchCustomerCheckDuplicateTestEmailPhone(SearchTest2.java:103)
... Removed 29 stack frames]]>
    </failure>
  </testcase> <!-- searchCustomerCheckDuplicateTestEmailPhone -->
  <testcase name="searchCustomerCheckDuplicateTestAll" time="7.562" classname="automationFramework.TestCases.SearchTest2">
    <failure type="java.lang.AssertionError" message="expected [4166254367] but found [4166254367,undefined,undefined]">
      <![CDATA[java.lang.AssertionError: expected [4166254367] but found [4166254367,undefined,undefined]
	at automationFramework.TestCases.SearchTest2.searchCustomerCheckDuplicateTestAll(SearchTest2.java:122)
... Removed 29 stack frames]]>
    </failure>
  </testcase> <!-- searchCustomerCheckDuplicateTestAll -->
  <testcase name="searchNewSearchButton" time="7.562" classname="automationFramework.TestCases.SearchTest2"/>
  <testcase name="searchCustomerVerifiedThreeInfoTest" time="8.592" classname="automationFramework.TestCases.SearchTest2">
    <failure type="java.lang.AssertionError" message="expected [4033311371] but found [4033311371,undefined,undefined]">
      <![CDATA[java.lang.AssertionError: expected [4033311371] but found [4033311371,undefined,undefined]
	at automationFramework.TestCases.SearchTest2.searchCustomerVerifiedThreeInfoTest(SearchTest2.java:232)
... Removed 29 stack frames]]>
    </failure>
  </testcase> <!-- searchCustomerVerifiedThreeInfoTest -->
  <testcase name="searchCustomerNotVerifiedThreeInfoTest" time="8.459" classname="automationFramework.TestCases.SearchTest2">
    <failure type="java.lang.AssertionError" message="expected [4033311371] but found [4033311371,undefined,undefined]">
      <![CDATA[java.lang.AssertionError: expected [4033311371] but found [4033311371,undefined,undefined]
	at automationFramework.TestCases.SearchTest2.searchCustomerNotVerifiedThreeInfoTest(SearchTest2.java:277)
... Removed 29 stack frames]]>
    </failure>
  </testcase> <!-- searchCustomerNotVerifiedThreeInfoTest -->
  <testcase name="searchCustomerClickNotVerified" time="10.368" classname="automationFramework.TestCases.SearchTest2">
    <failure type="java.lang.AssertionError" message="expected [4033311371] but found [4033311371,undefined,undefined]">
      <![CDATA[java.lang.AssertionError: expected [4033311371] but found [4033311371,undefined,undefined]
	at automationFramework.TestCases.SearchTest2.searchCustomerClickNotVerified(SearchTest2.java:309)
... Removed 29 stack frames]]>
    </failure>
  </testcase> <!-- searchCustomerClickNotVerified -->
  <testcase name="tokenVerificationLinkAccount" time="14.759" classname="automationFramework.TestCases.TokenSearchAPITest"/>
  <testcase name="tokenVerificationLinkAccountNewSearch" time="20.941" classname="automationFramework.TestCases.TokenSearchAPITest"/>
  <testcase name="searchTokenInvalidMonth" time="7.221" classname="automationFramework.TestCases.TokenSearchTest"/>
  <testcase name="searchTokenInvalidYear" time="9.102" classname="automationFramework.TestCases.TokenSearchTest"/>
  <testcase name="searchTokenMissingBankCard" time="6.811" classname="automationFramework.TestCases.TokenSearchTest"/>
  <testcase name="searchTokenNewSearch" time="7.294" classname="automationFramework.TestCases.TokenSearchTest"/>
  <testcase name="searchTokenNoRecordFound" time="7.972" classname="automationFramework.TestCases.TokenSearchTest"/>
  <testcase name="searchTokenNoRecordFoundNewSearch" time="7.241" classname="automationFramework.TestCases.TokenSearchTest"/>
  <testcase name="searchTokenInvalidTokenSearch" time="8.346" classname="automationFramework.TestCases.TokenSearchTest"/>
  <testcase name="searchTokenInvalidTokenNewSearch" time="9.887" classname="automationFramework.TestCases.TokenSearchTest"/>
  <testcase name="searchUnregistredCustomer" time="16.712" classname="automationFramework.TestCases.TokenSearchTest"/>
  <testcase name="searchRegistredCustomer" time="41.633" classname="automationFramework.TestCases.TokenSearchTest"/>
  <testcase name="searchRegistredCustomerVerifiedThreeInfo" time="41.268" classname="automationFramework.TestCases.TokenSearchTest"/>
  <testcase name="viewRegistredCustomerSubsystemPage" time="45.868" classname="automationFramework.TestCases.TokenSearchTest"/>
  <testcase name="searchTokenVerification" time="14.037" classname="automationFramework.TestCases.TokenSearchTest"/>
  <testcase name="tokenSearchAuthenticationError" time="6.312" classname="automationFramework.TestCases.TokenSearchTest"/>
  <testcase name="tokenSearchWithSpace" time="39.498" classname="automationFramework.TestCases.TokenSearchTest"/>
  <testcase name="searchTokenClickHome" time="17.257" classname="automationFramework.TestCases.TokenSearchTest"/>
  <testcase name="viewTravelHistoryRegistredCustomerSubAccount" time="438.005" classname="automationFramework.TestCases.TravelHistoryTest">
    <failure type="java.lang.AssertionError" message="expected [railstation] but found []">
      <![CDATA[java.lang.AssertionError: expected [railstation] but found []
	at automationFramework.TestCases.TravelHistoryTest.viewTravelHistoryRegistredCustomerSubAccount(TravelHistoryTest.java:140)
... Removed 29 stack frames]]>
    </failure>
  </testcase> <!-- viewTravelHistoryRegistredCustomerSubAccount -->
  <testcase name="viewTravelHistoryUnregistredCustomer" time="413.185" classname="automationFramework.TestCases.TravelHistoryTest">
    <failure type="java.lang.AssertionError" message="expected [railstation] but found []">
      <![CDATA[java.lang.AssertionError: expected [railstation] but found []
	at automationFramework.TestCases.TravelHistoryTest.viewTravelHistoryUnregistredCustomer(TravelHistoryTest.java:83)
... Removed 29 stack frames]]>
    </failure>
  </testcase> <!-- viewTravelHistoryUnregistredCustomer -->
  <testcase name="addNewAddress" time="8.88" classname="automationFramework.TestCases.UpdateAddressTest">
    <failure type="java.lang.AssertionError" message="expected [4033311371] but found [4033311371,undefined,undefined]">
      <![CDATA[java.lang.AssertionError: expected [4033311371] but found [4033311371,undefined,undefined]
	at automationFramework.TestCases.UpdateAddressTest.addNewAddress(UpdateAddressTest.java:59)
... Removed 29 stack frames]]>
    </failure>
  </testcase> <!-- addNewAddress -->
  <testcase name="addNewAddressCancel" time="192.908" classname="automationFramework.TestCases.UpdateAddressTest"/>
  <testcase name="updateAddress" time="8.554" classname="automationFramework.TestCases.UpdateAddressTest">
    <failure type="java.lang.AssertionError" message="expected [DR1kurUmRcgK@mailinator.com] but found [WkBExv2MEd6X@mailinator.com]">
      <![CDATA[java.lang.AssertionError: expected [DR1kurUmRcgK@mailinator.com] but found [WkBExv2MEd6X@mailinator.com]
	at automationFramework.TestCases.UpdateAddressTest.updateAddress(UpdateAddressTest.java:115)
... Removed 29 stack frames]]>
    </failure>
  </testcase> <!-- updateAddress -->
  <testcase name="updateAddressCancel" time="16.872" classname="automationFramework.TestCases.UpdateAddressTest"/>
  <testcase name="addNewAddressCheckRequiredFields" time="67.946" classname="automationFramework.TestCases.UpdateAddressTest">
    <failure type="org.openqa.selenium.NoSuchElementException" message="no such element: Unable to locate element: {&amp;quot;method&amp;quot;:&amp;quot;xpath&amp;quot;,&amp;quot;selector&amp;quot;:&amp;quot;.//*[@id=&amp;apos;searchCustomer_customerType_sel&amp;apos;]&amp;quot;}
  (Session info: chrome=57.0.2987.133)
  (Driver info: chromedriver=2.28.455520 (cc17746adff54984afff480136733114c6b3704b),platform=Windows NT 6.1.7601 SP1 x86_64) (WARNING: The server did not provide any stacktrace information)
Command duration or timeout: 60.03 seconds
For documentation on this error, please visit: http://seleniumhq.org/exceptions/no_such_element.html
Build info: version: &amp;apos;3.0.1&amp;apos;, revision: &amp;apos;1969d75&amp;apos;, time: &amp;apos;2016-10-18 09:49:13 -0700&amp;apos;
System info: host: &amp;apos;NACTS-081729&amp;apos;, ip: &amp;apos;149.63.89.30&amp;apos;, os.name: &amp;apos;Windows 7&amp;apos;, os.arch: &amp;apos;amd64&amp;apos;, os.version: &amp;apos;6.1&amp;apos;, java.version: &amp;apos;1.8.0_77&amp;apos;
Driver info: org.openqa.selenium.chrome.ChromeDriver
Capabilities [{applicationCacheEnabled=false, rotatable=false, mobileEmulationEnabled=false, networkConnectionEnabled=false, chrome={chromedriverVersion=2.28.455520 (cc17746adff54984afff480136733114c6b3704b), userDataDir=C:\Users\200123\AppData\Local\Temp\scoped_dir36444_12826}, takesHeapSnapshot=true, pageLoadStrategy=normal, databaseEnabled=false, handlesAlerts=true, hasTouchScreen=false, version=57.0.2987.133, platform=XP, browserConnectionEnabled=false, nativeEvents=true, acceptSslCerts=true, locationContextEnabled=true, webStorageEnabled=true, browserName=chrome, takesScreenshot=true, javascriptEnabled=true, cssSelectorsEnabled=true, unexpectedAlertBehaviour=}]
Session ID: 3fc59b82ae3fc92a077d965c4357ea84
*** Element info: {Using=xpath, value=.//*[@id=&amp;apos;searchCustomer_customerType_sel&amp;apos;]}">
      <![CDATA[org.openqa.selenium.NoSuchElementException: no such element: Unable to locate element: {"method":"xpath","selector":".//*[@id='searchCustomer_customerType_sel']"}
  (Session info: chrome=57.0.2987.133)
  (Driver info: chromedriver=2.28.455520 (cc17746adff54984afff480136733114c6b3704b),platform=Windows NT 6.1.7601 SP1 x86_64) (WARNING: The server did not provide any stacktrace information)
Command duration or timeout: 60.03 seconds
For documentation on this error, please visit: http://seleniumhq.org/exceptions/no_such_element.html
Build info: version: '3.0.1', revision: '1969d75', time: '2016-10-18 09:49:13 -0700'
System info: host: 'NACTS-081729', ip: '149.63.89.30', os.name: 'Windows 7', os.arch: 'amd64', os.version: '6.1', java.version: '1.8.0_77'
Driver info: org.openqa.selenium.chrome.ChromeDriver
Capabilities [{applicationCacheEnabled=false, rotatable=false, mobileEmulationEnabled=false, networkConnectionEnabled=false, chrome={chromedriverVersion=2.28.455520 (cc17746adff54984afff480136733114c6b3704b), userDataDir=C:\Users\200123\AppData\Local\Temp\scoped_dir36444_12826}, takesHeapSnapshot=true, pageLoadStrategy=normal, databaseEnabled=false, handlesAlerts=true, hasTouchScreen=false, version=57.0.2987.133, platform=XP, browserConnectionEnabled=false, nativeEvents=true, acceptSslCerts=true, locationContextEnabled=true, webStorageEnabled=true, browserName=chrome, takesScreenshot=true, javascriptEnabled=true, cssSelectorsEnabled=true, unexpectedAlertBehaviour=}]
Session ID: 3fc59b82ae3fc92a077d965c4357ea84
*** Element info: {Using=xpath, value=.//*[@id='searchCustomer_customerType_sel']}
	at org.openqa.selenium.remote.ErrorHandler.createThrowable(ErrorHandler.java:216)
	at org.openqa.selenium.remote.ErrorHandler.throwIfResponseFailed(ErrorHandler.java:168)
	at org.openqa.selenium.remote.RemoteWebDriver.execute(RemoteWebDriver.java:635)
	at org.openqa.selenium.remote.RemoteWebDriver.findElement(RemoteWebDriver.java:368)
	at org.openqa.selenium.remote.RemoteWebDriver.findElementByXPath(RemoteWebDriver.java:473)
	at org.openqa.selenium.By$ByXPath.findElement(By.java:361)
	at org.openqa.selenium.remote.RemoteWebDriver.findElement(RemoteWebDriver.java:360)
	at automationFramework.PageObjects.SearchPage.clickCustomerType(SearchPage.java:64)
	at automationFramework.TestCases.UpdateAddressTest.createNewCustomer(UpdateAddressTest.java:216)
	at automationFramework.TestCases.UpdateAddressTest.addNewAddressCheckRequiredFields(UpdateAddressTest.java:165)
... Removed 28 stack frames]]>
    </failure>
  </testcase> <!-- addNewAddressCheckRequiredFields -->
  <testcase name="addNewAddressInvalidData" time="11.974" classname="automationFramework.TestCases.UpdateAddressTest"/>
  <testcase name="updateContact" time="15.3" classname="automationFramework.TestCases.UpdateContactTest">
    <failure type="java.lang.AssertionError" message="expected [indy] but found [robert]">
      <![CDATA[java.lang.AssertionError: expected [indy] but found [robert]
	at automationFramework.TestCases.UpdateContactTest.updateContact(UpdateContactTest.java:60)
... Removed 29 stack frames]]>
    </failure>
  </testcase> <!-- updateContact -->
  <testcase name="updateContactCancel" time="19.406" classname="automationFramework.TestCases.UpdateContactTest">
    <failure type="java.lang.AssertionError" message="expected [4033311371] but found [4033311371,undefined,undefined]">
      <![CDATA[java.lang.AssertionError: expected [4033311371] but found [4033311371,undefined,undefined]
	at automationFramework.TestCases.UpdateContactTest.updateContactCancel(UpdateContactTest.java:88)
... Removed 29 stack frames]]>
    </failure>
  </testcase> <!-- updateContactCancel -->
  <testcase name="updateContactAndAddress" time="19.038" classname="automationFramework.TestCases.UpdateContactTest"/>
  <testcase name="updateContactAndAddressCancel" time="15.314" classname="automationFramework.TestCases.UpdateContactTest"/>
  <testcase name="updateContactCheckRequiredFields" time="10.102" classname="automationFramework.TestCases.UpdateContactTest"/>
  <testcase name="updateContactInvalidPhone" time="14.6" classname="automationFramework.TestCases.UpdateContactTest">
    <failure type="java.lang.AssertionError" message="expected [phone[0].number errors.general.invalid.phone.number] but found []">
      <![CDATA[java.lang.AssertionError: expected [phone[0].number errors.general.invalid.phone.number] but found []
	at automationFramework.TestCases.UpdateContactTest.updateContactInvalidPhone(UpdateContactTest.java:188)
... Removed 29 stack frames]]>
    </failure>
  </testcase> <!-- updateContactInvalidPhone -->
  <testcase name="updateContactInvalidEmail" time="9.721" classname="automationFramework.TestCases.UpdateContactTest"/>
  <testcase name="updateContactInvalidUserName" time="9.706" classname="automationFramework.TestCases.UpdateContactTest"/>
  <testcase name="updateContactInvalidPin" time="10.81" classname="automationFramework.TestCases.UpdateContactTest"/>
  <testcase name="updateContactSecurityAnswermissing" time="9.891" classname="automationFramework.TestCases.UpdateContactTest"/>
  <testcase name="updateContactOtherPhonesMissing" time="10.202" classname="automationFramework.TestCases.UpdateContactTest"/>
  <testcase name="updateNonPrimaryFundingTest" time="31.936" classname="automationFramework.TestCases.UpdateFundingTest"/>
  <testcase name="updateNonPrimaryFundingCancelTest" time="26.087" classname="automationFramework.TestCases.UpdateFundingTest"/>
  <testcase name="updatePrimaryFundingTest" time="21.724" classname="automationFramework.TestCases.UpdateFundingTest"/>
  <testcase name="updatePrimaryFundingCancelTest" time="17.202" classname="automationFramework.TestCases.UpdateFundingTest"/>
</testsuite> <!-- ChromeTest -->
